[ 3][t 4][1764315712.616810798][NetQuery.cpp:28][#1][!Session:1:main][&net_query]	[Query:[id:28901376][tl:0x6628562c]] [Session:1:main: send to [149.154.175.58:443] to DcId{1} from [10.2.0.2:56300]]
[ 4][t 1][1764315712.617910861][Binlog.cpp:425][#1][!Binlog /home/nick/.config/nchat/profiles/Telegram_+017816901633/tdlib/td.binlog]	Flush binlog from try_flush
[ 4][t 4][1764315712.621089220][AuthData.cpp:122][#1][!Session:1:main]	Create identifier for message 0x692952408ec90d54 at 20989.154095
[ 3][t 4][1764315712.621122598][Session.cpp:1162][#1][!Session:1:main][&net_query]	Send query to connection [Query:[id:28901376][tl:0x6628562c][msg_id:0x692952408ec90d54]][invoke_after:{}]
[ 4][t 4][1764315712.621142387][BufferedFd.h:140][#1][!Session:1:main]	Nothing to write to [fd:26]
[ 4][t 4][1764315712.621157169][SessionConnection.cpp:1150][#1][!Session:1:main]	Last pong was 5071.4us ago/5075.6us ago, last read was 5195.1us ago/5196.7us ago, RTT = 2.000000, ping timeout = 5.000000, read timeout = 7.000000, flush packet in 950.4us, wakeup in 948.7us
[ 4][t 4][1764315712.622270822][AuthData.cpp:122][#1][!Session:1:main]	Create identifier for message 0x692952408f46bb88 at 20989.155282
[ 4][t 4][1764315712.622303485][AuthData.cpp:122][#1][!Session:1:main]	Create identifier for message 0x692952408f72bf78 at 20989.155316
[ 4][t 4][1764315712.622318744][AuthData.cpp:122][#1][!Session:1:main]	Create identifier for message 0x692952408f7388c8 at 20989.155331
[ 4][t 4][1764315712.622330427][AuthData.cpp:122][#1][!Session:1:main]	Create identifier for message 0x692952408f739e78 at 20989.155343
[ 4][t 4][1764315712.622415065][BufferedFd.h:215][#1][!Session:1:main]	Flush write: +220B[left:0B]
[ 4][t 4][1764315712.622429132][SessionConnection.cpp:1150][#1][!Session:1:main]	Last pong was 6343.0us ago/6346.2us ago, last read was 6464.9us ago/6465.9us ago, RTT = 2.000000, ping timeout = 5.000000, read timeout = 7.000000, flush packet in 1999.8ms, wakeup in 1999.8ms
[ 3][t 4][1764315712.627598762][UserManager.cpp:4701][#1][!UserManager]	Successfully saved user 5628138202 to database
[ 4][t 1][1764315712.628736257][Binlog.cpp:425][#1][!Binlog /home/nick/.config/nchat/profiles/Telegram_+017816901633/tdlib/td.binlog]	Flush binlog from try_flush
[ 4][t 4][1764315712.670096397][BufferedFd.h:206][#1][!Session:1:main]	Flush read: +156B[total:156B]
[ 4][t 4][1764315712.670175313][AuthData.cpp:155][#1][!Session:1:main]	Receive packet in message 0x69295240a49e8809 from session 9242105078619769100 at 20989.203187
[ 3][t 4][1764315712.670212268][Session.cpp:787][#1][!Session:1:main][&net_query]	Ack [Query:[id:28901376][tl:0x6628562c][msg_id:0x692952408ec90d54]]
[ 4][t 4][1764315712.670229434][BufferedFd.h:140][#1][!Session:1:main]	Nothing to write to [fd:26]
[ 4][t 4][1764315712.670240640][SessionConnection.cpp:1150][#1][!Session:1:main]	Last pong was 33.4us ago/36.2us ago, last read was 107.7us ago/109.1us ago, RTT = 2.000000, ping timeout = 5.000000, read timeout = 7.000000, flush packet in 1952.0ms, wakeup in 1952.0ms
[ 3][t 0][1764315712.716693401][Client.cpp:293][&td_requests]	End to wait for updates, returning object 0 (nil)
[ 3][t 0][1764315712.716718673][Client.cpp:280][&td_requests]	Begin to wait for updates with timeout 0.100000
[ 4][t 4][1764315712.743520975][BufferedFd.h:206][#1][!Session:1:main]	Flush read: +92B[total:92B]
[ 4][t 4][1764315712.743575334][AuthData.cpp:155][#1][!Session:1:main]	Receive packet in message 0x69295240a8663001 from session 9242105078619769100 at 20989.276587
[ 3][t 4][1764315712.743595361][Session.cpp:895][#1][!Session:1:main][&net_query]	Return query result [Query:[id:28901376][tl:0x6628562c][msg_id:0x692952408ec90d54]]
[ 3][t 4][1764315712.743603229][NetQuery.cpp:96][#1][!Session:1:main][&net_query]	Receive answer [Query:[id:28901376][tl:0x6628562c][msg_id:0x692952408ec90d54]]
[ 3][t 4][1764315712.743612051][NetQuery.cpp:28][#1][!Session:1:main][&net_query]	[Query:[id:28901376][tl:0x6628562c][result_tl:0x997275b5]] [sent to handler]
[ 4][t 4][1764315712.743622064][BufferedFd.h:140][#1][!Session:1:main]	Nothing to write to [fd:26]
[ 4][t 4][1764315712.743641138][SessionConnection.cpp:1150][#1][!Session:1:main]	Last pong was 48.0us ago/50.0us ago, last read was 100.1us ago/101.0us ago, RTT = 2.000000, ping timeout = 5.000000, read timeout = 7.000000, flush packet in 1878.6ms, wakeup in 1878.6ms
[ 3][t 4][1764315712.743667602][NetQuery.cpp:28][#1][!Td][&net_query]	[Query:[id:28901376][tl:0x6628562c][result_tl:0x997275b5]] [Td: received from DcManager]
[ 3][t 4][1764315712.743673801][Td.cpp:410][#1][!Td][&net_query]	Receive result of [Query:[id:28901376][tl:0x6628562c][result_tl:0x997275b5]]
[ 3][t 4][1764315712.743682384][OnlineManager.cpp:44][#1][!Td]	Receive result for UpdateStatusQuery: true
[ 3][t 4][1764315712.743690490][UserManager.cpp:2982][#1][!Td]	Update my online from 1764315711 to 1764316012
[ 4][t 4][1764315712.743699550][UserManager.cpp:9513][#1][!Td]	Update user 5628138202: need_save_to_database = true, is_changed = false, is_status_changed = false, from_binlog = false, from_database = false
[ 3][t 4][1764315712.743737459][FileManager.cpp:2051][#1][!Td]	Choose between [ChatPhoto, DcId{1}, location = [ID = 5057989659887512543, access_hash = 0, PhotoSizeSourceChatPhotoSmall[]]] from Binlog and [ChatPhoto, DcId{1}, location = [ID = 5057989659887512543, access_hash = 0, PhotoSizeSourceChatPhotoSmall[]]] from Binlog
[ 3][t 4][1764315712.743745803][FileManager.cpp:1789][#1][!Td]	Register [ChatPhoto, DcId{1}, location = [ID = 5057989659887512543, access_hash = 0, PhotoSizeSourceChatPhotoSmall[]]] as 28756(0)
[ 3][t 4][1764315712.743755578][FileManager.cpp:2219][#1][!Td]	Merge new file 28756(0) and old file 1234(0)
[ 3][t 4][1764315712.743762493][FileManager.cpp:2051][#1][!Td]	Choose between [ChatPhoto, DcId{1}, location = [ID = 5057989659887512543, access_hash = 0, PhotoSizeSourceChatPhotoSmall[]]] from Binlog and [ChatPhoto, DcId{1}, location = [ID = 5057989659887512543, access_hash = 0, PhotoSizeSourceChatPhotoSmall[]]] from Binlog
[ 4][t 4][1764315712.743769407][FileManager.cpp:2301][#1][!Td]	Have x_node->pmc_id_ = 0, y_node->pmc_id_ = 0, x_node_size = 1, y_node_size = 1, node_i = 1, local_i = 2, remote_i = 2, generate_i = 2, size_i = 1, remote_name_i = 0, url_i = 0, owner_i = 2, encryption_key_i = 2, main_file_id_i = 1, trusted_by_source = 0, x_source = Binlog, y_source = Binlog
[ 4][t 4][1764315712.743781566][FileManager.cpp:1643][#1][!Td]	Forget file 28756(0)
[ 3][t 4][1764315712.743789434][FileManager.cpp:2051][#1][!Td]	Choose between [ChatPhoto, DcId{1}, location = [ID = 5057989659887512543, access_hash = 0, PhotoSizeSourceChatPhotoBig[]]] from Binlog and [ChatPhoto, DcId{1}, location = [ID = 5057989659887512543, access_hash = 0, PhotoSizeSourceChatPhotoBig[]]] from Binlog
[ 3][t 4][1764315712.743795871][FileManager.cpp:1789][#1][!Td]	Register [ChatPhoto, DcId{1}, location = [ID = 5057989659887512543, access_hash = 0, PhotoSizeSourceChatPhotoBig[]]] as 28756(0)
[ 3][t 4][1764315712.743802309][FileManager.cpp:2219][#1][!Td]	Merge new file 28756(0) and old file 1235(0)
[ 3][t 4][1764315712.743808031][FileManager.cpp:2051][#1][!Td]	Choose between [ChatPhoto, DcId{1}, location = [ID = 5057989659887512543, access_hash = 0, PhotoSizeSourceChatPhotoBig[]]] from Binlog and [ChatPhoto, DcId{1}, location = [ID = 5057989659887512543, access_hash = 0, PhotoSizeSourceChatPhotoBig[]]] from Binlog
[ 4][t 4][1764315712.743814229][FileManager.cpp:2301][#1][!Td]	Have x_node->pmc_id_ = 0, y_node->pmc_id_ = 0, x_node_size = 1, y_node_size = 1, node_i = 1, local_i = 2, remote_i = 2, generate_i = 2, size_i = 1, remote_name_i = 0, url_i = 0, owner_i = 2, encryption_key_i = 2, main_file_id_i = 1, trusted_by_source = 0, x_source = Binlog, y_source = Binlog
[ 4][t 4][1764315712.743821144][FileManager.cpp:1643][#1][!Td]	Forget file 28756(0)
[ 3][t 4][1764315712.743844747][FileManager.cpp:2051][#1][!Td]	Choose between [ChatPhoto, DcId{1}, location = [ID = 5057989659887512543, access_hash = 0, PhotoSizeSourceChatPhotoSmall[]]] from Binlog and [ChatPhoto, DcId{1}, location = [ID = 5057989659887512543, access_hash = 0, PhotoSizeSourceChatPhotoSmall[]]] from Binlog
[ 3][t 4][1764315712.743862390][FileManager.cpp:1789][#1][!Td]	Register [ChatPhoto, DcId{1}, location = [ID = 5057989659887512543, access_hash = 0, PhotoSizeSourceChatPhotoSmall[]]] as 28756(0)
[ 3][t 4][1764315712.743876695][FileManager.cpp:2219][#1][!Td]	Merge new file 28756(0) and old file 1234(0)
[ 3][t 4][1764315712.743884086][FileManager.cpp:2051][#1][!Td]	Choose between [ChatPhoto, DcId{1}, location = [ID = 5057989659887512543, access_hash = 0, PhotoSizeSourceChatPhotoSmall[]]] from Binlog and [ChatPhoto, DcId{1}, location = [ID = 5057989659887512543, access_hash = 0, PhotoSizeSourceChatPhotoSmall[]]] from Binlog
[ 4][t 4][1764315712.743890523][FileManager.cpp:2301][#1][!Td]	Have x_node->pmc_id_ = 0, y_node->pmc_id_ = 0, x_node_size = 1, y_node_size = 1, node_i = 1, local_i = 2, remote_i = 2, generate_i = 2, size_i = 1, remote_name_i = 0, url_i = 0, owner_i = 2, encryption_key_i = 2, main_file_id_i = 1, trusted_by_source = 0, x_source = Binlog, y_source = Binlog
[ 4][t 4][1764315712.743898391][FileManager.cpp:1643][#1][!Td]	Forget file 28756(0)
[ 3][t 4][1764315712.743905544][FileManager.cpp:2051][#1][!Td]	Choose between [ChatPhoto, DcId{1}, location = [ID = 5057989659887512543, access_hash = 0, PhotoSizeSourceChatPhotoBig[]]] from Binlog and [ChatPhoto, DcId{1}, location = [ID = 5057989659887512543, access_hash = 0, PhotoSizeSourceChatPhotoBig[]]] from Binlog
[ 3][t 4][1764315712.743911743][FileManager.cpp:1789][#1][!Td]	Register [ChatPhoto, DcId{1}, location = [ID = 5057989659887512543, access_hash = 0, PhotoSizeSourceChatPhotoBig[]]] as 28756(0)
[ 3][t 4][1764315712.743917942][FileManager.cpp:2219][#1][!Td]	Merge new file 28756(0) and old file 1235(0)
[ 3][t 4][1764315712.743924379][FileManager.cpp:2051][#1][!Td]	Choose between [ChatPhoto, DcId{1}, location = [ID = 5057989659887512543, access_hash = 0, PhotoSizeSourceChatPhotoBig[]]] from Binlog and [ChatPhoto, DcId{1}, location = [ID = 5057989659887512543, access_hash = 0, PhotoSizeSourceChatPhotoBig[]]] from Binlog
[ 4][t 4][1764315712.743930578][FileManager.cpp:2301][#1][!Td]	Have x_node->pmc_id_ = 0, y_node->pmc_id_ = 0, x_node_size = 1, y_node_size = 1, node_i = 1, local_i = 2, remote_i = 2, generate_i = 2, size_i = 1, remote_name_i = 0, url_i = 0, owner_i = 2, encryption_key_i = 2, main_file_id_i = 1, trusted_by_source = 0, x_source = Binlog, y_source = Binlog
[ 4][t 4][1764315712.743937492][FileManager.cpp:1643][#1][!Td]	Forget file 28756(0)
[ 3][t 4][1764315712.743945121][UserManager.cpp:4672][#1][!Td]	Trying to save to database user 5628138202
[ 4][t 1][1764315712.745003700][Binlog.cpp:425][#1][!Binlog /home/nick/.config/nchat/profiles/Telegram_+017816901633/tdlib/td.binlog]	Flush binlog from try_flush
[ 3][t 4][1764315712.754359722][UserManager.cpp:4701][#1][!UserManager]	Successfully saved user 5628138202 to database
[ 4][t 1][1764315712.755473613][Binlog.cpp:425][#1][!Binlog /home/nick/.config/nchat/profiles/Telegram_+017816901633/tdlib/td.binlog]	Flush binlog from try_flush
[ 3][t 0][1764315712.816895008][Client.cpp:293][&td_requests]	End to wait for updates, returning object 0 (nil)
[ 3][t 0][1764315712.816931009][Client.cpp:280][&td_requests]	Begin to wait for updates with timeout 0.100000
[ 3][t 0][1764315712.917528867][Client.cpp:293][&td_requests]	End to wait for updates, returning object 0 (nil)
[ 3][t 0][1764315712.917573928][Client.cpp:280][&td_requests]	Begin to wait for updates with timeout 0.100000
[ 3][t 0][1764315713.017785310][Client.cpp:293][&td_requests]	End to wait for updates, returning object 0 (nil)
[ 3][t 0][1764315713.017836570][Client.cpp:280][&td_requests]	Begin to wait for updates with timeout 0.100000
[ 3][t 0][1764315713.118090629][Client.cpp:293][&td_requests]	End to wait for updates, returning object 0 (nil)
[ 3][t 0][1764315713.118127107][Client.cpp:280][&td_requests]	Begin to wait for updates with timeout 0.100000
[ 3][t 0][1764315713.218707561][Client.cpp:293][&td_requests]	End to wait for updates, returning object 0 (nil)
[ 3][t 0][1764315713.218751907][Client.cpp:280][&td_requests]	Begin to wait for updates with timeout 0.100000
[ 3][t 0][1764315713.319012641][Client.cpp:293][&td_requests]	End to wait for updates, returning object 0 (nil)
[ 3][t 0][1764315713.319120407][Client.cpp:280][&td_requests]	Begin to wait for updates with timeout 0.100000
[ 3][t 0][1764315713.419276475][Client.cpp:293][&td_requests]	End to wait for updates, returning object 0 (nil)
[ 3][t 0][1764315713.419301986][Client.cpp:280][&td_requests]	Begin to wait for updates with timeout 0.100000
[ 3][t 0][1764315713.519712448][Client.cpp:293][&td_requests]	End to wait for updates, returning object 0 (nil)
[ 3][t 0][1764315713.519755840][Client.cpp:280][&td_requests]	Begin to wait for updates with timeout 0.100000
[ 3][t 0][1764315713.620341300][Client.cpp:293][&td_requests]	End to wait for updates, returning object 0 (nil)
[ 3][t 0][1764315713.620412111][Client.cpp:280][&td_requests]	Begin to wait for updates with timeout 0.100000
[ 3][t 0][1764315713.720618963][Client.cpp:293][&td_requests]	End to wait for updates, returning object 0 (nil)
[ 3][t 0][1764315713.720664024][Client.cpp:280][&td_requests]	Begin to wait for updates with timeout 0.100000
[ 3][t 0][1764315713.820852041][Client.cpp:293][&td_requests]	End to wait for updates, returning object 0 (nil)
[ 3][t 0][1764315713.820887804][Client.cpp:280][&td_requests]	Begin to wait for updates with timeout 0.100000
[ 3][t 0][1764315713.921242237][Client.cpp:293][&td_requests]	End to wait for updates, returning object 0 (nil)
[ 3][t 0][1764315713.921279907][Client.cpp:280][&td_requests]	Begin to wait for updates with timeout 0.100000
[ 3][t 0][1764315714.021863698][Client.cpp:293][&td_requests]	End to wait for updates, returning object 0 (nil)
[ 3][t 0][1764315714.021936178][Client.cpp:280][&td_requests]	Begin to wait for updates with timeout 0.100000
[ 3][t 0][1764315714.122010469][Client.cpp:293][&td_requests]	End to wait for updates, returning object 0 (nil)
[ 3][t 0][1764315714.122036933][Client.cpp:280][&td_requests]	Begin to wait for updates with timeout 0.100000
[ 3][t 0][1764315714.222611665][Client.cpp:293][&td_requests]	End to wait for updates, returning object 0 (nil)
[ 3][t 0][1764315714.222655773][Client.cpp:280][&td_requests]	Begin to wait for updates with timeout 0.100000
[ 3][t 0][1764315714.323254585][Client.cpp:293][&td_requests]	End to wait for updates, returning object 0 (nil)
[ 3][t 0][1764315714.323386430][Client.cpp:280][&td_requests]	Begin to wait for updates with timeout 0.100000
[ 3][t 4][1764315714.341510772][Td.cpp:282][#1][!Td][&td_requests]	Receive request 155: sendChatAction {
  chat_id = 783719725
  topic_id = null
  business_connection_id = ""
  action = chatActionTyping {
  }
}
[ 3][t 4][1764315714.341565370][DialogActionManager.cpp:359][#1][!Td]	Skip unneeded ChatActionTypingAction in chat 783719725
[ 3][t 4][1764315714.341587781][Td.cpp:1372][#1][!Td][&td_requests]	Sending result for request 155: ok {
}
[ 3][t 0][1764315714.341671466][Client.cpp:293][&td_requests]	End to wait for updates, returning object 155 0x7f548c013bd0
[ 3][t 0][1764315714.341774702][Client.cpp:280][&td_requests]	Begin to wait for updates with timeout 0.100000
[ 3][t 0][1764315714.441968202][Client.cpp:293][&td_requests]	End to wait for updates, returning object 0 (nil)
[ 3][t 0][1764315714.442023992][Client.cpp:280][&td_requests]	Begin to wait for updates with timeout 0.100000
[ 3][t 0][1764315714.542308092][Client.cpp:293][&td_requests]	End to wait for updates, returning object 0 (nil)
[ 3][t 0][1764315714.542351961][Client.cpp:280][&td_requests]	Begin to wait for updates with timeout 0.100000
[ 4][t 4][1764315714.623145580][AuthData.cpp:122][#1][!Session:1:main]	Create identifier for message 0x692952428f7c99cc at 20991.156155
[ 4][t 4][1764315714.623239517][AuthData.cpp:122][#1][!Session:1:main]	Create identifier for message 0x692952428f7c9c2c at 20991.156252
[ 4][t 4][1764315714.623255491][AuthData.cpp:122][#1][!Session:1:main]	Create identifier for message 0x692952428fa67f10 at 20991.156267
[ 4][t 4][1764315714.623267173][AuthData.cpp:122][#1][!Session:1:main]	Create identifier for message 0x692952428fa67ff8 at 20991.156279
[ 4][t 4][1764315714.623392343][BufferedFd.h:215][#1][!Session:1:main]	Flush write: +156B[left:0B]
[ 4][t 4][1764315714.623421907][SessionConnection.cpp:1150][#1][!Session:1:main]	Last pong was 1879.8ms ago/1879.8ms ago, last read was 1879.9ms ago/1879.9ms ago, RTT = 2.000000, ping timeout = 5.000000, read timeout = 7.000000, flush packet in 1999.7ms, wakeup in 1999.7ms
[ 3][t 0][1764315714.642955303][Client.cpp:293][&td_requests]	End to wait for updates, returning object 0 (nil)
[ 3][t 0][1764315714.643049955][Client.cpp:280][&td_requests]	Begin to wait for updates with timeout 0.100000
[ 4][t 4][1764315714.674854040][BufferedFd.h:206][#1][!Session:1:main]	Flush read: +92B[total:92B]
[ 4][t 4][1764315714.674952983][AuthData.cpp:155][#1][!Session:1:main]	Receive packet in message 0x69295242a575a001 from session 9242105078619769100 at 20991.207964
[ 4][t 4][1764315714.675021171][BufferedFd.h:140][#1][!Session:1:main]	Nothing to write to [fd:26]
[ 4][t 4][1764315714.675034046][SessionConnection.cpp:1150][#1][!Session:1:main]	Last pong was 19.0us ago/22.4us ago, last read was 134.7us ago/135.9us ago, RTT = 2.000000, ping timeout = 5.000000, read timeout = 7.000000, flush packet in 1948.1ms, wakeup in 1948.1ms
[ 3][t 0][1764315714.743544101][Client.cpp:293][&td_requests]	End to wait for updates, returning object 0 (nil)
[ 3][t 0][1764315714.743599891][Client.cpp:280][&td_requests]	Begin to wait for updates with timeout 0.100000
[ 3][t 0][1764315714.843767881][Client.cpp:293][&td_requests]	End to wait for updates, returning object 0 (nil)
[ 3][t 0][1764315714.843804359][Client.cpp:280][&td_requests]	Begin to wait for updates with timeout 0.100000
[ 3][t 4][1764315714.906358480][MessagesManager.cpp:9627][#1][!MessagesManager]	Expired timeout for updating of recently viewed messages in chat 783719725
[ 4][t 4][1764315714.906395435][MessagesManager.cpp:29818][#1][!MessagesManager]	Search for server message 26912 in chat 783719725 found 0x7f54842a7b90
[ 4][t 4][1764315714.906413078][MessagesManager.cpp:29818][#1][!MessagesManager]	Search for server message 26909 in chat 783719725 found 0x7f54842a6660
[ 4][t 4][1764315714.906424283][MessagesManager.cpp:29818][#1][!MessagesManager]	Search for server message 26911 in chat 783719725 found 0x7f54842a8010
[ 4][t 4][1764315714.906434774][MessagesManager.cpp:29818][#1][!MessagesManager]	Search for server message 26914 in chat 783719725 found 0x7f548423d250
[ 4][t 4][1764315714.906445026][MessagesManager.cpp:29818][#1][!MessagesManager]	Search for server message 26919 in chat 783719725 found 0x7f54842a90f0
[ 4][t 4][1764315714.906455039][MessagesManager.cpp:29818][#1][!MessagesManager]	Search for server message 26907 in chat 783719725 found 0x7f54842a6e60
[ 4][t 4][1764315714.906465291][MessagesManager.cpp:29818][#1][!MessagesManager]	Search for server message 26917 in chat 783719725 found 0x7f54842a94f0
[ 4][t 4][1764315714.906476259][MessagesManager.cpp:29818][#1][!MessagesManager]	Search for server message 26921 in chat 783719725 found 0x7f54842aced0
[ 4][t 4][1764315714.906486749][MessagesManager.cpp:29818][#1][!MessagesManager]	Search for server message 26905 in chat 783719725 found 0x7f54842585e0
[ 4][t 4][1764315714.906496763][MessagesManager.cpp:29818][#1][!MessagesManager]	Search for server message 26922 in chat 783719725 found 0x7f54840c03f0
[ 4][t 4][1764315714.906507015][MessagesManager.cpp:29818][#1][!MessagesManager]	Search for server message 26913 in chat 783719725 found 0x7f54842a7670
[ 4][t 4][1764315714.906517267][MessagesManager.cpp:29818][#1][!MessagesManager]	Search for server message 26910 in chat 783719725 found 0x7f54842a6260
[ 4][t 4][1764315714.906527519][MessagesManager.cpp:29818][#1][!MessagesManager]	Search for server message 26906 in chat 783719725 found 0x7f54842581e0
[ 4][t 4][1764315714.906537532][MessagesManager.cpp:29818][#1][!MessagesManager]	Search for server message 26908 in chat 783719725 found 0x7f54842a6a60
[ 4][t 4][1764315714.906548023][MessagesManager.cpp:29818][#1][!MessagesManager]	Search for server message 26924 in chat 783719725 found 0x7f548486f140
[ 4][t 4][1764315714.906573534][MessagesManager.cpp:29818][#1][!MessagesManager]	Search for server message 26923 in chat 783719725 found 0x7f54842b4300
[ 4][t 4][1764315714.906595706][MultiTimeout.cpp:38][#1][!MessagesManager]	Add UpdateViewedMessagesTimeout for 783719725 in 2.999999
[ 4][t 4][1764315714.906619071][MultiTimeout.cpp:84][#1][!MessagesManager]	Set timeout of UpdateViewedMessagesTimeout in 2.999976
[ 3][t 0][1764315714.944041490][Client.cpp:293][&td_requests]	End to wait for updates, returning object 0 (nil)
[ 3][t 0][1764315714.944071769][Client.cpp:280][&td_requests]	Begin to wait for updates with timeout 0.100000
[ 3][t 0][1764315715.044270992][Client.cpp:293][&td_requests]	End to wait for updates, returning object 0 (nil)
[ 3][t 0][1764315715.044315099][Client.cpp:280][&td_requests]	Begin to wait for updates with timeout 0.100000
[ 3][t 0][1764315715.144464254][Client.cpp:293][&td_requests]	End to wait for updates, returning object 0 (nil)
[ 3][t 0][1764315715.144490957][Client.cpp:280][&td_requests]	Begin to wait for updates with timeout 0.100000
[ 3][t 0][1764315715.244692564][Client.cpp:293][&td_requests]	End to wait for updates, returning object 0 (nil)
[ 3][t 0][1764315715.244737386][Client.cpp:280][&td_requests]	Begin to wait for updates with timeout 0.100000
[ 3][t 0][1764315715.345325469][Client.cpp:293][&td_requests]	End to wait for updates, returning object 0 (nil)
[ 3][t 0][1764315715.345371007][Client.cpp:280][&td_requests]	Begin to wait for updates with timeout 0.100000
[ 3][t 0][1764315715.445567846][Client.cpp:293][&td_requests]	End to wait for updates, returning object 0 (nil)
[ 3][t 0][1764315715.445598602][Client.cpp:280][&td_requests]	Begin to wait for updates with timeout 0.100000
[ 3][t 0][1764315715.545848369][Client.cpp:293][&td_requests]	End to wait for updates, returning object 0 (nil)
[ 3][t 0][1764315715.545884847][Client.cpp:280][&td_requests]	Begin to wait for updates with timeout 0.100000
[ 4][t 4][1764315715.608407735][BufferedFd.h:206][#1][!Session:1:main]	Flush read: +108B[total:108B]
[ 4][t 4][1764315715.608531713][AuthData.cpp:155][#1][!Session:1:main]	Receive packet in message 0x69295243924b4001 from session 9242105078619769100 at 20992.141543
[ 4][t 4][1764315715.608577251][BufferedFd.h:140][#1][!Session:1:main]	Nothing to write to [fd:26]
[ 4][t 4][1764315715.608590841][SessionConnection.cpp:1150][#1][!Session:1:main]	Last pong was 27.7us ago/32.5us ago, last read was 110.3us ago/111.7us ago, RTT = 2.000000, ping timeout = 5.000000, read timeout = 7.000000, flush packet in 1014.5ms, wakeup in 1014.5ms
[ 4][t 4][1764315715.608622074][UpdatesManager.cpp:1253][#1][!UpdatesManager]	Receive updateShort { update = updateUserStatus { user_id = 5628138202 status = userStatusOffline { was_online = 1764315715 } } date = 1764315714 }
[ 4][t 4][1764315715.608641862][UserManager.cpp:3890][#1][!UpdatesManager]	Update user 5628138202 online from 1764316012 to 1764315714
[ 3][t 4][1764315715.608654260][UserManager.cpp:2973][#1][!UpdatesManager]	Update my local online from 0 to 1764316015
[ 3][t 4][1764315715.608664035][UserManager.cpp:2995][#1][!UpdatesManager][&notifications]	Set was_online_local to 1764316015
[ 3][t 4][1764315715.608693361][NetQueryCreator.cpp:45][#1][!UpdatesManager]	Create query account.updateStatus {
  offline = false
}
[ 3][t 4][1764315715.608708143][NetQuery.cpp:57][#1][!UpdatesManager]	[Query:[id:28966912][tl:0x6628562c]]
[ 3][t 4][1764315715.608722209][NetQuery.cpp:28][#1][!UpdatesManager][&net_query]	[Query:[id:28966912][tl:0x6628562c]] [Send to NetQueryDispatcher]
[ 3][t 4][1764315715.608734130][NetQuery.cpp:28][#1][!UpdatesManager][&net_query]	[Query:[id:28966912][tl:0x6628562c]] [sent to main session multi proxy DcId{1}]
[ 4][t 4][1764315715.608748197][UserManager.cpp:9513][#1][!UpdatesManager]	Update user 5628138202: need_save_to_database = false, is_changed = false, is_status_changed = true, from_binlog = false, from_database = false
[ 3][t 4][1764315715.608760595][Td.cpp:1336][#1][!Td][&td_requests]	Sending update: updateUserStatus { user_id = 5628138202 status = userStatusOnline { expires = 1764316015 } }
[ 3][t 4][1764315715.608843564][FileManager.cpp:2051][#1][!UpdatesManager]	Choose between [ChatPhoto, DcId{1}, location = [ID = 5057989659887512543, access_hash = 0, PhotoSizeSourceChatPhotoSmall[]]] from Binlog and [ChatPhoto, DcId{1}, location = [ID = 5057989659887512543, access_hash = 0, PhotoSizeSourceChatPhotoSmall[]]] from Binlog
[ 3][t 0][1764315715.608851909][Client.cpp:293][&td_requests]	End to wait for updates, returning object 0 0x7f548658a790
[ 3][t 4][1764315715.608871221][FileManager.cpp:1789][#1][!UpdatesManager]	Register [ChatPhoto, DcId{1}, location = [ID = 5057989659887512543, access_hash = 0, PhotoSizeSourceChatPhotoSmall[]]] as 28756(0)
[ 3][t 4][1764315715.608908176][FileManager.cpp:2219][#1][!UpdatesManager]	Merge new file 28756(0) and old file 1234(0)
[ 3][t 4][1764315715.608919382][FileManager.cpp:2051][#1][!UpdatesManager]	Choose between [ChatPhoto, DcId{1}, location = [ID = 5057989659887512543, access_hash = 0, PhotoSizeSourceChatPhotoSmall[]]] from Binlog and [ChatPhoto, DcId{1}, location = [ID = 5057989659887512543, access_hash = 0, PhotoSizeSourceChatPhotoSmall[]]] from Binlog
[ 4][t 4][1764315715.608931064][FileManager.cpp:2301][#1][!UpdatesManager]	Have x_node->pmc_id_ = 0, y_node->pmc_id_ = 0, x_node_size = 1, y_node_size = 1, node_i = 1, local_i = 2, remote_i = 2, generate_i = 2, size_i = 1, remote_name_i = 0, url_i = 0, owner_i = 2, encryption_key_i = 2, main_file_id_i = 1, trusted_by_source = 0, x_source = Binlog, y_source = Binlog
[ 4][t 4][1764315715.608948945][FileManager.cpp:1643][#1][!UpdatesManager]	Forget file 28756(0)
[ 3][t 4][1764315715.608962059][FileManager.cpp:2051][#1][!UpdatesManager]	Choose between [ChatPhoto, DcId{1}, location = [ID = 5057989659887512543, access_hash = 0, PhotoSizeSourceChatPhotoBig[]]] from Binlog and [ChatPhoto, DcId{1}, location = [ID = 5057989659887512543, access_hash = 0, PhotoSizeSourceChatPhotoBig[]]] from Binlog
[ 3][t 4][1764315715.608973026][FileManager.cpp:1789][#1][!UpdatesManager]	Register [ChatPhoto, DcId{1}, location = [ID = 5057989659887512543, access_hash = 0, PhotoSizeSourceChatPhotoBig[]]] as 28756(0)
[ 3][t 4][1764315715.608983755][FileManager.cpp:2219][#1][!UpdatesManager]	Merge new file 28756(0) and old file 1235(0)
[ 3][t 0][1764315715.609006643][Client.cpp:280][&td_requests]	Begin to wait for updates with timeout 0.100000
[ 3][t 4][1764315715.609017372][FileManager.cpp:2051][#1][!UpdatesManager]	Choose between [ChatPhoto, DcId{1}, location = [ID = 5057989659887512543, access_hash = 0, PhotoSizeSourceChatPhotoBig[]]] from Binlog and [ChatPhoto, DcId{1}, location = [ID = 5057989659887512543, access_hash = 0, PhotoSizeSourceChatPhotoBig[]]] from Binlog
[ 4][t 4][1764315715.609038114][FileManager.cpp:2301][#1][!UpdatesManager]	Have x_node->pmc_id_ = 0, y_node->pmc_id_ = 0, x_node_size = 1, y_node_size = 1, node_i = 1, local_i = 2, remote_i = 2, generate_i = 2, size_i = 1, remote_name_i = 0, url_i = 0, owner_i = 2, encryption_key_i = 2, main_file_id_i = 1, trusted_by_source = 0, x_source = Binlog, y_source = Binlog
[ 4][t 4][1764315715.609050273][FileManager.cpp:1643][#1][!UpdatesManager]	Forget file 28756(0)
[ 3][t 4][1764315715.609097480][FileManager.cpp:2051][#1][!UpdatesManager]	Choose between [ChatPhoto, DcId{1}, location = [ID = 5057989659887512543, access_hash = 0, PhotoSizeSourceChatPhotoSmall[]]] from Binlog and [ChatPhoto, DcId{1}, location = [ID = 5057989659887512543, access_hash = 0, PhotoSizeSourceChatPhotoSmall[]]] from Binlog
[ 3][t 4][1764315715.609107971][FileManager.cpp:1789][#1][!UpdatesManager]	Register [ChatPhoto, DcId{1}, location = [ID = 5057989659887512543, access_hash = 0, PhotoSizeSourceChatPhotoSmall[]]] as 28756(0)
[ 3][t 4][1764315715.609119415][FileManager.cpp:2219][#1][!UpdatesManager]	Merge new file 28756(0) and old file 1234(0)
[ 3][t 4][1764315715.609129428][FileManager.cpp:2051][#1][!UpdatesManager]	Choose between [ChatPhoto, DcId{1}, location = [ID = 5057989659887512543, access_hash = 0, PhotoSizeSourceChatPhotoSmall[]]] from Binlog and [ChatPhoto, DcId{1}, location = [ID = 5057989659887512543, access_hash = 0, PhotoSizeSourceChatPhotoSmall[]]] from Binlog
[ 4][t 4][1764315715.609151363][FileManager.cpp:2301][#1][!UpdatesManager]	Have x_node->pmc_id_ = 0, y_node->pmc_id_ = 0, x_node_size = 1, y_node_size = 1, node_i = 1, local_i = 2, remote_i = 2, generate_i = 2, size_i = 1, remote_name_i = 0, url_i = 0, owner_i = 2, encryption_key_i = 2, main_file_id_i = 1, trusted_by_source = 0, x_source = Binlog, y_source = Binlog
[ 4][t 4][1764315715.609171390][FileManager.cpp:1643][#1][!UpdatesManager]	Forget file 28756(0)
[ 3][t 4][1764315715.609184026][FileManager.cpp:2051][#1][!UpdatesManager]	Choose between [ChatPhoto, DcId{1}, location = [ID = 5057989659887512543, access_hash = 0, PhotoSizeSourceChatPhotoBig[]]] from Binlog and [ChatPhoto, DcId{1}, location = [ID = 5057989659887512543, access_hash = 0, PhotoSizeSourceChatPhotoBig[]]] from Binlog
[ 3][t 4][1764315715.609194278][FileManager.cpp:1789][#1][!UpdatesManager]	Register [ChatPhoto, DcId{1}, location = [ID = 5057989659887512543, access_hash = 0, PhotoSizeSourceChatPhotoBig[]]] as 28756(0)
[ 3][t 4][1764315715.609205245][FileManager.cpp:2219][#1][!UpdatesManager]	Merge new file 28756(0) and old file 1235(0)
[ 3][t 4][1764315715.609215259][FileManager.cpp:2051][#1][!UpdatesManager]	Choose between [ChatPhoto, DcId{1}, location = [ID = 5057989659887512543, access_hash = 0, PhotoSizeSourceChatPhotoBig[]]] from Binlog and [ChatPhoto, DcId{1}, location = [ID = 5057989659887512543, access_hash = 0, PhotoSizeSourceChatPhotoBig[]]] from Binlog
[ 4][t 4][1764315715.609225749][FileManager.cpp:2301][#1][!UpdatesManager]	Have x_node->pmc_id_ = 0, y_node->pmc_id_ = 0, x_node_size = 1, y_node_size = 1, node_i = 1, local_i = 2, remote_i = 2, generate_i = 2, size_i = 1, remote_name_i = 0, url_i = 0, owner_i = 2, encryption_key_i = 2, main_file_id_i = 1, trusted_by_source = 0, x_source = Binlog, y_source = Binlog
[ 4][t 4][1764315715.609236955][FileManager.cpp:1643][#1][!UpdatesManager]	Forget file 28756(0)
[ 3][t 4][1764315715.609249114][UserManager.cpp:4672][#1][!UpdatesManager]	Trying to save to database user 5628138202
[ 3][t 4][1764315715.609263896][UserManager.cpp:3838][#1][!UpdatesManager][&notifications]	Set was_online_remote to 1764315714
[ 3][t 4][1764315715.609280586][NetQuery.cpp:28][#1][!SessionProxy:1:main][&net_query]	[Query:[id:28966912][tl:0x6628562c]] [SessionProxy:1:main: sent to session]
[ 3][t 4][1764315715.609291791][Session.cpp:374][#1][!Session:1:main][&net_query]	Receive query [Query:[id:28966912][tl:0x6628562c]]
[ 3][t 4][1764315715.609302043][NetQuery.cpp:28][#1][!Session:1:main][&net_query]	[Query:[id:28966912][tl:0x6628562c]] [Session:1:main: pending]
[ 3][t 4][1764315715.609314203][NetQuery.cpp:28][#1][!Session:1:main][&net_query]	[Query:[id:28966912][tl:0x6628562c]] [Session:1:main: send to [149.154.175.58:443] to DcId{1} from [10.2.0.2:56300]]
[ 4][t 4][1764315715.609324932][AuthData.cpp:122][#1][!Session:1:main]	Create identifier for message 0x692952438bf41ea0 at 20992.142337
[ 3][t 4][1764315715.609341859][Session.cpp:1162][#1][!Session:1:main][&net_query]	Send query to connection [Query:[id:28966912][tl:0x6628562c][msg_id:0x692952438bf41ea0]][invoke_after:{}]
[ 4][t 4][1764315715.609359025][BufferedFd.h:140][#1][!Session:1:main]	Nothing to write to [fd:26]
[ 4][t 4][1764315715.609371185][SessionConnection.cpp:1150][#1][!Session:1:main]	Last pong was 807.5us ago/811.8us ago, last read was 889.3us ago/890.3us ago, RTT = 2.000000, ping timeout = 5.000000, read timeout = 7.000000, flush packet in 958.8us, wakeup in 957.7us
[ 4][t 1][1764315715.610429763][Binlog.cpp:425][#1][!Binlog /home/nick/.config/nchat/profiles/Telegram_+017816901633/tdlib/td.binlog]	Flush binlog from try_flush
[ 4][t 4][1764315715.610504627][AuthData.cpp:122][#1][!Session:1:main]	Create identifier for message 0x692952438c270ad4 at 20992.143516
[ 4][t 4][1764315715.610537528][AuthData.cpp:122][#1][!Session:1:main]	Create identifier for message 0x692952438c2cc6ec at 20992.143550
[ 4][t 4][1764315715.610614538][BufferedFd.h:215][#1][!Session:1:main]	Flush write: +156B[left:0B]
[ 4][t 4][1764315715.610676527][SessionConnection.cpp:1150][#1][!Session:1:main]	Last pong was 2112.8us ago/2117.2us ago, last read was 2195.2us ago/2196.3us ago, RTT = 2.000000, ping timeout = 5.000000, read timeout = 7.000000, flush packet in 1012.5ms, wakeup in 1012.5ms
[ 3][t 4][1764315715.619882583][UserManager.cpp:4701][#1][!UserManager]	Successfully saved user 5628138202 to database
[ 4][t 1][1764315715.621009349][Binlog.cpp:425][#1][!Binlog /home/nick/.config/nchat/profiles/Telegram_+017816901633/tdlib/td.binlog]	Flush binlog from try_flush
[ 4][t 4][1764315715.696431398][BufferedFd.h:206][#1][!Session:1:main]	Flush read: +92B[total:92B]
[ 4][t 4][1764315715.696531295][AuthData.cpp:155][#1][!Session:1:main]	Receive packet in message 0x69295243a8f3c001 from session 9242105078619769100 at 20992.229542
[ 3][t 4][1764315715.696579456][Session.cpp:895][#1][!Session:1:main][&net_query]	Return query result [Query:[id:28966912][tl:0x6628562c][msg_id:0x692952438bf41ea0]]
[ 3][t 4][1764315715.696599960][NetQuery.cpp:96][#1][!Session:1:main][&net_query]	Receive answer [Query:[id:28966912][tl:0x6628562c][msg_id:0x692952438bf41ea0]]
[ 3][t 4][1764315715.696619987][NetQuery.cpp:28][#1][!Session:1:main][&net_query]	[Query:[id:28966912][tl:0x6628562c][result_tl:0x997275b5]] [sent to handler]
[ 4][t 4][1764315715.696639537][BufferedFd.h:140][#1][!Session:1:main]	Nothing to write to [fd:26]
[ 4][t 4][1764315715.696654796][SessionConnection.cpp:1150][#1][!Session:1:main]	Last pong was 79.6us ago/84.1us ago, last read was 184.9us ago/186.6us ago, RTT = 2.000000, ping timeout = 5.000000, read timeout = 7.000000, flush packet in 926.5ms, wakeup in 926.5ms
[ 3][t 4][1764315715.696687936][NetQuery.cpp:28][#1][!Td][&net_query]	[Query:[id:28966912][tl:0x6628562c][result_tl:0x997275b5]] [Td: received from DcManager]
[ 3][t 4][1764315715.696701765][Td.cpp:410][#1][!Td][&net_query]	Receive result of [Query:[id:28966912][tl:0x6628562c][result_tl:0x997275b5]]
[ 3][t 4][1764315715.696719169][OnlineManager.cpp:44][#1][!Td]	Receive result for UpdateStatusQuery: true
[ 3][t 4][1764315715.696735143][UserManager.cpp:2982][#1][!Td]	Update my online from 1764315714 to 1764316015
[ 4][t 4][1764315715.696761369][UserManager.cpp:9513][#1][!Td]	Update user 5628138202: need_save_to_database = true, is_changed = false, is_status_changed = false, from_binlog = false, from_database = false
[ 3][t 4][1764315715.696805477][FileManager.cpp:2051][#1][!Td]	Choose between [ChatPhoto, DcId{1}, location = [ID = 5057989659887512543, access_hash = 0, PhotoSizeSourceChatPhotoSmall[]]] from Binlog and [ChatPhoto, DcId{1}, location = [ID = 5057989659887512543, access_hash = 0, PhotoSizeSourceChatPhotoSmall[]]] from Binlog
[ 3][t 4][1764315715.696825027][FileManager.cpp:1789][#1][!Td]	Register [ChatPhoto, DcId{1}, location = [ID = 5057989659887512543, access_hash = 0, PhotoSizeSourceChatPhotoSmall[]]] as 28756(0)
[ 3][t 4][1764315715.696845769][FileManager.cpp:2219][#1][!Td]	Merge new file 28756(0) and old file 1234(0)
[ 3][t 4][1764315715.696861267][FileManager.cpp:2051][#1][!Td]	Choose between [ChatPhoto, DcId{1}, location = [ID = 5057989659887512543, access_hash = 0, PhotoSizeSourceChatPhotoSmall[]]] from Binlog and [ChatPhoto, DcId{1}, location = [ID = 5057989659887512543, access_hash = 0, PhotoSizeSourceChatPhotoSmall[]]] from Binlog
[ 4][t 4][1764315715.696877717][FileManager.cpp:2301][#1][!Td]	Have x_node->pmc_id_ = 0, y_node->pmc_id_ = 0, x_node_size = 1, y_node_size = 1, node_i = 1, local_i = 2, remote_i = 2, generate_i = 2, size_i = 1, remote_name_i = 0, url_i = 0, owner_i = 2, encryption_key_i = 2, main_file_id_i = 1, trusted_by_source = 0, x_source = Binlog, y_source = Binlog
[ 4][t 4][1764315715.696901798][FileManager.cpp:1643][#1][!Td]	Forget file 28756(0)
[ 3][t 4][1764315715.696920871][FileManager.cpp:2051][#1][!Td]	Choose between [ChatPhoto, DcId{1}, location = [ID = 5057989659887512543, access_hash = 0, PhotoSizeSourceChatPhotoBig[]]] from Binlog and [ChatPhoto, DcId{1}, location = [ID = 5057989659887512543, access_hash = 0, PhotoSizeSourceChatPhotoBig[]]] from Binlog
[ 3][t 4][1764315715.696959257][FileManager.cpp:1789][#1][!Td]	Register [ChatPhoto, DcId{1}, location = [ID = 5057989659887512543, access_hash = 0, PhotoSizeSourceChatPhotoBig[]]] as 28756(0)
[ 3][t 4][1764315715.697031259][FileManager.cpp:2219][#1][!Td]	Merge new file 28756(0) and old file 1235(0)
[ 3][t 4][1764315715.697044849][FileManager.cpp:2051][#1][!Td]	Choose between [ChatPhoto, DcId{1}, location = [ID = 5057989659887512543, access_hash = 0, PhotoSizeSourceChatPhotoBig[]]] from Binlog and [ChatPhoto, DcId{1}, location = [ID = 5057989659887512543, access_hash = 0, PhotoSizeSourceChatPhotoBig[]]] from Binlog
[ 4][t 4][1764315715.697056531][FileManager.cpp:2301][#1][!Td]	Have x_node->pmc_id_ = 0, y_node->pmc_id_ = 0, x_node_size = 1, y_node_size = 1, node_i = 1, local_i = 2, remote_i = 2, generate_i = 2, size_i = 1, remote_name_i = 0, url_i = 0, owner_i = 2, encryption_key_i = 2, main_file_id_i = 1, trusted_by_source = 0, x_source = Binlog, y_source = Binlog
[ 4][t 4][1764315715.697070121][FileManager.cpp:1643][#1][!Td]	Forget file 28756(0)
[ 3][t 4][1764315715.697112798][FileManager.cpp:2051][#1][!Td]	Choose between [ChatPhoto, DcId{1}, location = [ID = 5057989659887512543, access_hash = 0, PhotoSizeSourceChatPhotoSmall[]]] from Binlog and [ChatPhoto, DcId{1}, location = [ID = 5057989659887512543, access_hash = 0, PhotoSizeSourceChatPhotoSmall[]]] from Binlog
[ 3][t 4][1764315715.697133302][FileManager.cpp:1789][#1][!Td]	Register [ChatPhoto, DcId{1}, location = [ID = 5057989659887512543, access_hash = 0, PhotoSizeSourceChatPhotoSmall[]]] as 28756(0)
[ 3][t 4][1764315715.697151422][FileManager.cpp:2219][#1][!Td]	Merge new file 28756(0) and old file 1234(0)
[ 3][t 4][1764315715.697165250][FileManager.cpp:2051][#1][!Td]	Choose between [ChatPhoto, DcId{1}, location = [ID = 5057989659887512543, access_hash = 0, PhotoSizeSourceChatPhotoSmall[]]] from Binlog and [ChatPhoto, DcId{1}, location = [ID = 5057989659887512543, access_hash = 0, PhotoSizeSourceChatPhotoSmall[]]] from Binlog
[ 4][t 4][1764315715.697179794][FileManager.cpp:2301][#1][!Td]	Have x_node->pmc_id_ = 0, y_node->pmc_id_ = 0, x_node_size = 1, y_node_size = 1, node_i = 1, local_i = 2, remote_i = 2, generate_i = 2, size_i = 1, remote_name_i = 0, url_i = 0, owner_i = 2, encryption_key_i = 2, main_file_id_i = 1, trusted_by_source = 0, x_source = Binlog, y_source = Binlog
[ 4][t 4][1764315715.697194576][FileManager.cpp:1643][#1][!Td]	Forget file 28756(0)
[ 3][t 4][1764315715.697206735][FileManager.cpp:2051][#1][!Td]	Choose between [ChatPhoto, DcId{1}, location = [ID = 5057989659887512543, access_hash = 0, PhotoSizeSourceChatPhotoBig[]]] from Binlog and [ChatPhoto, DcId{1}, location = [ID = 5057989659887512543, access_hash = 0, PhotoSizeSourceChatPhotoBig[]]] from Binlog
[ 3][t 4][1764315715.697217226][FileManager.cpp:1789][#1][!Td]	Register [ChatPhoto, DcId{1}, location = [ID = 5057989659887512543, access_hash = 0, PhotoSizeSourceChatPhotoBig[]]] as 28756(0)
[ 3][t 4][1764315715.697228193][FileManager.cpp:2219][#1][!Td]	Merge new file 28756(0) and old file 1235(0)
[ 3][t 4][1764315715.697238206][FileManager.cpp:2051][#1][!Td]	Choose between [ChatPhoto, DcId{1}, location = [ID = 5057989659887512543, access_hash = 0, PhotoSizeSourceChatPhotoBig[]]] from Binlog and [ChatPhoto, DcId{1}, location = [ID = 5057989659887512543, access_hash = 0, PhotoSizeSourceChatPhotoBig[]]] from Binlog
[ 4][t 4][1764315715.697248697][FileManager.cpp:2301][#1][!Td]	Have x_node->pmc_id_ = 0, y_node->pmc_id_ = 0, x_node_size = 1, y_node_size = 1, node_i = 1, local_i = 2, remote_i = 2, generate_i = 2, size_i = 1, remote_name_i = 0, url_i = 0, owner_i = 2, encryption_key_i = 2, main_file_id_i = 1, trusted_by_source = 0, x_source = Binlog, y_source = Binlog
[ 4][t 4][1764315715.697260141][FileManager.cpp:1643][#1][!Td]	Forget file 28756(0)
[ 3][t 4][1764315715.697272777][UserManager.cpp:4672][#1][!Td]	Trying to save to database user 5628138202
[ 4][t 1][1764315715.698415756][Binlog.cpp:425][#1][!Binlog /home/nick/.config/nchat/profiles/Telegram_+017816901633/tdlib/td.binlog]	Flush binlog from try_flush
[ 3][t 4][1764315715.708373785][UserManager.cpp:4701][#1][!UserManager]	Successfully saved user 5628138202 to database
[ 3][t 0][1764315715.709123611][Client.cpp:293][&td_requests]	End to wait for updates, returning object 0 (nil)
[ 3][t 0][1764315715.709154129][Client.cpp:280][&td_requests]	Begin to wait for updates with timeout 0.100000
[ 4][t 1][1764315715.709557771][Binlog.cpp:425][#1][!Binlog /home/nick/.config/nchat/profiles/Telegram_+017816901633/tdlib/td.binlog]	Flush binlog from try_flush
[ 3][t 0][1764315715.810295581][Client.cpp:293][&td_requests]	End to wait for updates, returning object 0 (nil)
[ 3][t 0][1764315715.810340404][Client.cpp:280][&td_requests]	Begin to wait for updates with timeout 0.100000
[ 3][t 0][1764315715.910573720][Client.cpp:293][&td_requests]	End to wait for updates, returning object 0 (nil)
[ 3][t 0][1764315715.910611629][Client.cpp:280][&td_requests]	Begin to wait for updates with timeout 0.100000
[ 3][t 0][1764315716.010802268][Client.cpp:293][&td_requests]	End to wait for updates, returning object 0 (nil)
[ 3][t 0][1764315716.010841608][Client.cpp:280][&td_requests]	Begin to wait for updates with timeout 0.100000
[ 3][t 0][1764315716.111034393][Client.cpp:293][&td_requests]	End to wait for updates, returning object 0 (nil)
[ 3][t 0][1764315716.111072063][Client.cpp:280][&td_requests]	Begin to wait for updates with timeout 0.100000
[ 3][t 4][1764315716.210420608][Td.cpp:282][#1][!Td][&td_requests]	Receive request 156: setOption {
  name = "online"
  value = optionValueBoolean {
    value = false
  }
}
[ 3][t 4][1764315716.210450649][UserManager.cpp:2973][#1][!Td]	Update my local online from 0 to 1764315715
[ 3][t 4][1764315716.210458517][UserManager.cpp:2995][#1][!Td][&notifications]	Set was_online_local to 1764315715
[ 4][t 4][1764315716.210479021][UserManager.cpp:9513][#1][!Td]	Update user 5628138202: need_save_to_database = false, is_changed = false, is_status_changed = true, from_binlog = false, from_database = false
[ 3][t 4][1764315716.210513114][FileManager.cpp:2051][#1][!Td]	Choose between [ChatPhoto, DcId{1}, location = [ID = 5057989659887512543, access_hash = 0, PhotoSizeSourceChatPhotoSmall[]]] from Binlog and [ChatPhoto, DcId{1}, location = [ID = 5057989659887512543, access_hash = 0, PhotoSizeSourceChatPhotoSmall[]]] from Binlog
[ 3][t 4][1764315716.210522174][FileManager.cpp:1789][#1][!Td]	Register [ChatPhoto, DcId{1}, location = [ID = 5057989659887512543, access_hash = 0, PhotoSizeSourceChatPhotoSmall[]]] as 28756(0)
[ 3][t 4][1764315716.210532665][FileManager.cpp:2219][#1][!Td]	Merge new file 28756(0) and old file 1234(0)
[ 3][t 4][1764315716.210539579][FileManager.cpp:2051][#1][!Td]	Choose between [ChatPhoto, DcId{1}, location = [ID = 5057989659887512543, access_hash = 0, PhotoSizeSourceChatPhotoSmall[]]] from Binlog and [ChatPhoto, DcId{1}, location = [ID = 5057989659887512543, access_hash = 0, PhotoSizeSourceChatPhotoSmall[]]] from Binlog
[ 4][t 4][1764315716.210546731][FileManager.cpp:2301][#1][!Td]	Have x_node->pmc_id_ = 0, y_node->pmc_id_ = 0, x_node_size = 1, y_node_size = 1, node_i = 1, local_i = 2, remote_i = 2, generate_i = 2, size_i = 1, remote_name_i = 0, url_i = 0, owner_i = 2, encryption_key_i = 2, main_file_id_i = 1, trusted_by_source = 0, x_source = Binlog, y_source = Binlog
[ 4][t 4][1764315716.210558176][FileManager.cpp:1643][#1][!Td]	Forget file 28756(0)
[ 3][t 4][1764315716.210566043][FileManager.cpp:2051][#1][!Td]	Choose between [ChatPhoto, DcId{1}, location = [ID = 5057989659887512543, access_hash = 0, PhotoSizeSourceChatPhotoBig[]]] from Binlog and [ChatPhoto, DcId{1}, location = [ID = 5057989659887512543, access_hash = 0, PhotoSizeSourceChatPhotoBig[]]] from Binlog
[ 3][t 4][1764315716.210572242][FileManager.cpp:1789][#1][!Td]	Register [ChatPhoto, DcId{1}, location = [ID = 5057989659887512543, access_hash = 0, PhotoSizeSourceChatPhotoBig[]]] as 28756(0)
[ 3][t 4][1764315716.210578441][FileManager.cpp:2219][#1][!Td]	Merge new file 28756(0) and old file 1235(0)
[ 3][t 4][1764315716.210594177][FileManager.cpp:2051][#1][!Td]	Choose between [ChatPhoto, DcId{1}, location = [ID = 5057989659887512543, access_hash = 0, PhotoSizeSourceChatPhotoBig[]]] from Binlog and [ChatPhoto, DcId{1}, location = [ID = 5057989659887512543, access_hash = 0, PhotoSizeSourceChatPhotoBig[]]] from Binlog
[ 4][t 4][1764315716.210610628][FileManager.cpp:2301][#1][!Td]	Have x_node->pmc_id_ = 0, y_node->pmc_id_ = 0, x_node_size = 1, y_node_size = 1, node_i = 1, local_i = 2, remote_i = 2, generate_i = 2, size_i = 1, remote_name_i = 0, url_i = 0, owner_i = 2, encryption_key_i = 2, main_file_id_i = 1, trusted_by_source = 0, x_source = Binlog, y_source = Binlog
[ 4][t 4][1764315716.210618019][FileManager.cpp:1643][#1][!Td]	Forget file 28756(0)
[ 3][t 4][1764315716.210637092][FileManager.cpp:2051][#1][!Td]	Choose between [ChatPhoto, DcId{1}, location = [ID = 5057989659887512543, access_hash = 0, PhotoSizeSourceChatPhotoSmall[]]] from Binlog and [ChatPhoto, DcId{1}, location = [ID = 5057989659887512543, access_hash = 0, PhotoSizeSourceChatPhotoSmall[]]] from Binlog
[ 3][t 4][1764315716.210646390][FileManager.cpp:1789][#1][!Td]	Register [ChatPhoto, DcId{1}, location = [ID = 5057989659887512543, access_hash = 0, PhotoSizeSourceChatPhotoSmall[]]] as 28756(0)
[ 3][t 4][1764315716.210655927][FileManager.cpp:2219][#1][!Td]	Merge new file 28756(0) and old file 1234(0)
[ 3][t 4][1764315716.210663557][FileManager.cpp:2051][#1][!Td]	Choose between [ChatPhoto, DcId{1}, location = [ID = 5057989659887512543, access_hash = 0, PhotoSizeSourceChatPhotoSmall[]]] from Binlog and [ChatPhoto, DcId{1}, location = [ID = 5057989659887512543, access_hash = 0, PhotoSizeSourceChatPhotoSmall[]]] from Binlog
[ 4][t 4][1764315716.210669994][FileManager.cpp:2301][#1][!Td]	Have x_node->pmc_id_ = 0, y_node->pmc_id_ = 0, x_node_size = 1, y_node_size = 1, node_i = 1, local_i = 2, remote_i = 2, generate_i = 2, size_i = 1, remote_name_i = 0, url_i = 0, owner_i = 2, encryption_key_i = 2, main_file_id_i = 1, trusted_by_source = 0, x_source = Binlog, y_source = Binlog
[ 4][t 4][1764315716.210677146][FileManager.cpp:1643][#1][!Td]	Forget file 28756(0)
[ 3][t 4][1764315716.210684061][FileManager.cpp:2051][#1][!Td]	Choose between [ChatPhoto, DcId{1}, location = [ID = 5057989659887512543, access_hash = 0, PhotoSizeSourceChatPhotoBig[]]] from Binlog and [ChatPhoto, DcId{1}, location = [ID = 5057989659887512543, access_hash = 0, PhotoSizeSourceChatPhotoBig[]]] from Binlog
[ 3][t 4][1764315716.210690259][FileManager.cpp:1789][#1][!Td]	Register [ChatPhoto, DcId{1}, location = [ID = 5057989659887512543, access_hash = 0, PhotoSizeSourceChatPhotoBig[]]] as 28756(0)
[ 3][t 4][1764315716.210696458][FileManager.cpp:2219][#1][!Td]	Merge new file 28756(0) and old file 1235(0)
[ 3][t 4][1764315716.210702419][FileManager.cpp:2051][#1][!Td]	Choose between [ChatPhoto, DcId{1}, location = [ID = 5057989659887512543, access_hash = 0, PhotoSizeSourceChatPhotoBig[]]] from Binlog and [ChatPhoto, DcId{1}, location = [ID = 5057989659887512543, access_hash = 0, PhotoSizeSourceChatPhotoBig[]]] from Binlog
[ 4][t 4][1764315716.210708379][FileManager.cpp:2301][#1][!Td]	Have x_node->pmc_id_ = 0, y_node->pmc_id_ = 0, x_node_size = 1, y_node_size = 1, node_i = 1, local_i = 2, remote_i = 2, generate_i = 2, size_i = 1, remote_name_i = 0, url_i = 0, owner_i = 2, encryption_key_i = 2, main_file_id_i = 1, trusted_by_source = 0, x_source = Binlog, y_source = Binlog
[ 4][t 4][1764315716.210715055][FileManager.cpp:1643][#1][!Td]	Forget file 28756(0)
[ 3][t 4][1764315716.210722446][UserManager.cpp:4672][#1][!Td]	Trying to save to database user 5628138202
[ 3][t 4][1764315716.210733175][NetQueryCreator.cpp:45][#1][!Td]	Create query account.updateStatus {
  offline = true
}
[ 3][t 4][1764315716.210746765][NetQuery.cpp:57][#1][!Td]	[Query:[id:29032448][tl:0x6628562c]]
[ 3][t 4][1764315716.210757255][NetQuery.cpp:28][#1][!Td][&net_query]	[Query:[id:29032448][tl:0x6628562c]] [Send to NetQueryDispatcher]
[ 3][t 4][1764315716.210764408][NetQuery.cpp:28][#1][!Td][&net_query]	[Query:[id:29032448][tl:0x6628562c]] [sent to main session multi proxy DcId{1}]
[ 3][t 4][1764315716.210779666][ConnectionCreator.cpp:685][#1][!ConnectionCreator][&connections]	Receive online flag false
[ 3][t 4][1764315716.210793018][ConfigManager.cpp:721][#1][!Recoverer][&config_recoverer]	Successfully connected in 151.992403 seconds
[ 4][t 4][1764315716.210808753][Session.cpp:340][#1][!Session:1:main]	Set online flag to false
[ 4][t 4][1764315716.210814714][SessionConnection.cpp:793][#1][!Session:1:main]	Set online to false
[ 4][t 4][1764315716.210826873][AuthData.cpp:122][#1][!Session:1:main]	Create identifier for message 0x6929524425f31c8c at 20992.743839
[ 4][t 4][1764315716.210835218][AuthData.cpp:122][#1][!Session:1:main]	Create identifier for message 0x6929524425f33734 at 20992.743848
[ 4][t 4][1764315716.210842847][AuthData.cpp:122][#1][!Session:1:main]	Create identifier for message 0x6929524425fb9fd4 at 20992.743855
[ 4][t 4][1764315716.210849761][AuthData.cpp:122][#1][!Session:1:main]	Create identifier for message 0x6929524425fbad7c at 20992.743862
[ 4][t 4][1764315716.210917711][BufferedFd.h:215][#1][!Session:1:main]	Flush write: +156B[left:0B]
[ 4][t 4][1764315716.210927009][SessionConnection.cpp:1150][#1][!Session:1:main]	Last pong was 106.8us ago/514.4ms ago, last read was 109.9us ago/514.5ms ago, RTT = 2.000000, ping timeout = 138.120853, read timeout = 138.120853, flush packet in 63.1s, wakeup in 63.1s
[ 3][t 4][1764315716.210951566][NetQuery.cpp:28][#1][!SessionProxy:1:main][&net_query]	[Query:[id:29032448][tl:0x6628562c]] [SessionProxy:1:main: sent to session]
[ 3][t 4][1764315716.210958480][Session.cpp:374][#1][!Session:1:main][&net_query]	Receive query [Query:[id:29032448][tl:0x6628562c]]
[ 4][t 3][1764315716.210965394][Session.cpp:340][#1][!Session:1:upload#5]	Set online flag to false
[ 3][t 4][1764315716.210966348][NetQuery.cpp:28][#1][!Session:1:main][&net_query]	[Query:[id:29032448][tl:0x6628562c]] [Session:1:main: pending]
[ 4][t 3][1764315716.210976600][SessionConnection.cpp:793][#1][!Session:1:upload#5]	Set online to false
[ 3][t 4][1764315716.210986137][NetQuery.cpp:28][#1][!Session:1:main][&net_query]	[Query:[id:29032448][tl:0x6628562c]] [Session:1:main: send to [149.154.175.58:443] to DcId{1} from [10.2.0.2:56300]]
[ 4][t 4][1764315716.211007356][AuthData.cpp:122][#1][!Session:1:main]	Create identifier for message 0x6929524425fbb6d4 at 20992.744019
[ 4][t 3][1764315716.211004734][AuthData.cpp:122][#1][!Session:1:upload#5]	Create identifier for message 0x6929524366e44724 at 20992.744017
[ 3][t 4][1764315716.211014986][Session.cpp:1162][#1][!Session:1:main][&net_query]	Send query to connection [Query:[id:29032448][tl:0x6628562c][msg_id:0x6929524425fbb6d4]][invoke_after:{}]
[ 4][t 3][1764315716.211021423][AuthData.cpp:122][#1][!Session:1:upload#5]	Create identifier for message 0x6929524366e4653c at 20992.744034
[ 4][t 4][1764315716.211028099][BufferedFd.h:140][#1][!Session:1:main]	Nothing to write to [fd:26]
[ 4][t 4][1764315716.211036920][SessionConnection.cpp:1150][#1][!Session:1:main]	Last pong was 216.7us ago/514.5ms ago, last read was 218.4us ago/514.6ms ago, RTT = 2.000000, ping timeout = 138.120853, read timeout = 138.120853, flush packet in 972.7us, wakeup in 972.0us
[ 3][t 4][1764315716.211050510][Td.cpp:1336][#1][!Td][&td_requests]	Sending update: updateUserStatus { user_id = 5628138202 status = userStatusOffline { was_online = 1764315715 } }
[ 3][t 4][1764315716.211063623][Td.cpp:1372][#1][!Td][&td_requests]	Sending result for request 156: ok {
}
[ 4][t 3][1764315716.211064100][BufferedFd.h:215][#1][!Session:1:upload#5]	Flush write: +92B[left:0B]
[ 3][t 0][1764315716.211075782][Client.cpp:293][&td_requests]	End to wait for updates, returning object 0 0x7f54865916c0
[ 4][t 3][1764315716.211077690][SessionConnection.cpp:1150][#1][!Session:1:upload#5]	Last pong was 134.3s ago/8395.4ms ago, last read was 134.3s ago/8395.6ms ago, RTT = 2.000000, ping timeout = 136.319321, read timeout = 136.319321, flush packet in 61.3s, wakeup in 2001.9ms
[ 4][t 3][1764315716.211097002][Session.cpp:340][#1][!Session:1:upload#0]	Set online flag to false
[ 4][t 3][1764315716.211111545][SessionConnection.cpp:793][#1][!Session:1:upload#0]	Set online to false
[ 4][t 3][1764315716.211125373][AuthData.cpp:122][#1][!Session:1:upload#0]	Create identifier for message 0x6929524366df8428 at 20992.744138
[ 3][t 0][1764315716.211127996][Client.cpp:280][&td_requests]	Begin to wait for updates with timeout 0.100000
[ 4][t 3][1764315716.211133003][AuthData.cpp:122][#1][!Session:1:upload#0]	Create identifier for message 0x6929524366fb4d38 at 20992.744145
[ 3][t 0][1764315716.211139440][Client.cpp:293][&td_requests]	End to wait for updates, returning object 156 0x7f5486755e80
[ 4][t 3][1764315716.211164712][BufferedFd.h:215][#1][!Session:1:upload#0]	Flush write: +92B[left:0B]
[ 3][t 0][1764315716.211176395][Client.cpp:280][&td_requests]	Begin to wait for updates with timeout 0.100000
[ 4][t 3][1764315716.211171865][SessionConnection.cpp:1150][#1][!Session:1:upload#0]	Last pong was 136.5s ago/8391.0ms ago, last read was 136.5s ago/8391.1ms ago, RTT = 2.000000, ping timeout = 138.527182, read timeout = 138.527182, flush packet in 63.5s, wakeup in 2001.9ms
[ 4][t 3][1764315716.211189508][Session.cpp:340][#1][!Session:1:upload#7]	Set online flag to false
[ 4][t 3][1764315716.211195945][SessionConnection.cpp:793][#1][!Session:1:upload#7]	Set online to false
[ 4][t 3][1764315716.211205482][AuthData.cpp:122][#1][!Session:1:upload#7]	Create identifier for message 0x6929524366c67af0 at 20992.744218
[ 4][t 3][1764315716.211216449][AuthData.cpp:122][#1][!Session:1:upload#7]	Create identifier for message 0x6929524366dce8f0 at 20992.744229
[ 4][t 3][1764315716.211245059][BufferedFd.h:215][#1][!Session:1:upload#7]	Flush write: +92B[left:0B]
[ 4][t 3][1764315716.211252927][SessionConnection.cpp:1150][#1][!Session:1:upload#7]	Last pong was 133.9s ago/8385.3ms ago, last read was 133.9s ago/8385.4ms ago, RTT = 2.000000, ping timeout = 135.923900, read timeout = 135.923900, flush packet in 60.9s, wakeup in 2001.9ms
[ 4][t 1][1764315716.211805582][Binlog.cpp:425][#1][!Binlog /home/nick/.config/nchat/profiles/Telegram_+017816901633/tdlib/td.binlog]	Flush binlog from try_flush
[ 4][t 4][1764315716.212160348][BufferedFd.h:215][#1][!Session:1:main]	Flush write: +92B[left:0B]
[ 4][t 4][1764315716.212169647][SessionConnection.cpp:1150][#1][!Session:1:main]	Last pong was 1349.2us ago/515.6ms ago, last read was 1353.6us ago/515.7ms ago, RTT = 2.000000, ping timeout = 138.120853, read timeout = 138.120853, flush packet in 63.1s, wakeup in 63.1s
[ 3][t 4][1764315716.221090555][UserManager.cpp:4701][#1][!UserManager]	Successfully saved user 5628138202 to database
[ 4][t 1][1764315716.222181320][Binlog.cpp:425][#1][!Binlog /home/nick/.config/nchat/profiles/Telegram_+017816901633/tdlib/td.binlog]	Flush binlog from try_flush
[ 4][t 3][1764315716.266023635][BufferedFd.h:206][#1][!Session:1:upload#5]	Flush read: +92B[total:92B]
[ 4][t 4][1764315716.266036033][BufferedFd.h:206][#1][!Session:1:main]	Flush read: +92B[total:92B]
[ 4][t 3][1764315716.266106128][AuthData.cpp:155][#1][!Session:1:upload#5]	Receive packet in message 0x692952443c89e801 from session 13505721870282157793 at 20992.799116
[ 4][t 3][1764315716.266155719][AuthData.cpp:76][#1][!Session:1:upload#5]	Update server time difference: 1764294722.657901 -> 1764294723.200884
[ 4][t 3][1764315716.266170024][AuthData.cpp:81][#1][!Session:1:upload#5]	New server time: 1764315716.000067
[ 4][t 4][1764315716.266173601][AuthData.cpp:155][#1][!Session:1:main]	Receive packet in message 0x692952443c774c01 from session 9242105078619769100 at 20992.799185
[ 4][t 3][1764315716.266189575][BufferedFd.h:140][#1][!Session:1:upload#5]	Nothing to write to [fd:25]
[ 4][t 4][1764315716.266211271][BufferedFd.h:140][#1][!Session:1:main]	Nothing to write to [fd:26]
[ 4][t 3][1764315716.266216039][SessionConnection.cpp:1150][#1][!Session:1:upload#5]	Last pong was 30.7us ago/33.0us ago, last read was 158.5us ago/159.5us ago, RTT = 2.000000, ping timeout = 136.319321, read timeout = 136.319321, flush packet in 61.3s, wakeup in 61.3s
[ 4][t 4][1764315716.266229152][SessionConnection.cpp:1150][#1][!Session:1:main]	Last pong was 23.2us ago/27.1us ago, last read was 133.8us ago/135.5us ago, RTT = 2.000000, ping timeout = 138.120853, read timeout = 138.120853, flush packet in 63.1s, wakeup in 63.1s
[ 4][t 3][1764315716.266248703][BufferedFd.h:206][#1][!Session:1:upload#0]	Flush read: +92B[total:92B]
[ 4][t 3][1764315716.266306400][AuthData.cpp:155][#1][!Session:1:upload#0]	Receive packet in message 0x692952443c764c01 from session 16827195483475613322 at 20992.799318
[ 4][t 3][1764315716.266318798][AuthData.cpp:76][#1][!Session:1:upload#0]	Update server time difference: 1764294722.657791 -> 1764294723.200681
[ 4][t 3][1764315716.266331195][AuthData.cpp:81][#1][!Session:1:upload#0]	New server time: 1764315716.000026
[ 4][t 3][1764315716.266344308][BufferedFd.h:140][#1][!Session:1:upload#0]	Nothing to write to [fd:28]
[ 4][t 3][1764315716.266354560][SessionConnection.cpp:1150][#1][!Session:1:upload#0]	Last pong was 12.1us ago/13.6us ago, last read was 64.3us ago/65.3us ago, RTT = 2.000000, ping timeout = 138.527182, read timeout = 138.527182, flush packet in 63.5s, wakeup in 63.5s
[ 4][t 3][1764315716.266389369][BufferedFd.h:206][#1][!Session:1:upload#7]	Flush read: +92B[total:92B]
[ 4][t 3][1764315716.266408920][AuthData.cpp:155][#1][!Session:1:upload#7]	Receive packet in message 0x692952443c779001 from session 3209396917540204762 at 20992.799421
[ 4][t 3][1764315716.266420602][AuthData.cpp:76][#1][!Session:1:upload#7]	Update server time difference: 1764294722.657722 -> 1764294723.200579
[ 4][t 3][1764315716.266432523][AuthData.cpp:81][#1][!Session:1:upload#7]	New server time: 1764315716.000025
[ 4][t 3][1764315716.266444921][BufferedFd.h:140][#1][!Session:1:upload#7]	Nothing to write to [fd:27]
[ 4][t 3][1764315716.266454935][SessionConnection.cpp:1150][#1][!Session:1:upload#7]	Last pong was 11.7us ago/12.9us ago, last read was 58.0us ago/58.9us ago, RTT = 2.000000, ping timeout = 135.923900, read timeout = 135.923900, flush packet in 60.9s, wakeup in 60.9s
[ 4][t 1][1764315716.267382144][Binlog.cpp:425][#1][!Binlog /home/nick/.config/nchat/profiles/Telegram_+017816901633/tdlib/td.binlog]	Flush binlog from try_flush
[ 4][t 4][1764315716.305211067][BufferedFd.h:206][#1][!Session:1:main]	Flush read: +92B[total:92B]
[ 4][t 4][1764315716.305304765][AuthData.cpp:155][#1][!Session:1:main]	Receive packet in message 0x6929524443c96801 from session 9242105078619769100 at 20992.838316
[ 3][t 4][1764315716.305371284][Session.cpp:895][#1][!Session:1:main][&net_query]	Return query result [Query:[id:29032448][tl:0x6628562c][msg_id:0x6929524425fbb6d4]]
[ 3][t 4][1764315716.305392265][NetQuery.cpp:96][#1][!Session:1:main][&net_query]	Receive answer [Query:[id:29032448][tl:0x6628562c][msg_id:0x6929524425fbb6d4]]
[ 3][t 4][1764315716.305411338][NetQuery.cpp:28][#1][!Session:1:main][&net_query]	[Query:[id:29032448][tl:0x6628562c][result_tl:0x997275b5]] [sent to handler]
[ 4][t 4][1764315716.305431604][BufferedFd.h:140][#1][!Session:1:main]	Nothing to write to [fd:26]
[ 4][t 4][1764315716.305446863][SessionConnection.cpp:1150][#1][!Session:1:main]	Last pong was 100.2us ago/105.2us ago, last read was 188.2us ago/189.9us ago, RTT = 2.000000, ping timeout = 138.120853, read timeout = 138.120853, flush packet in 30.0s, wakeup in 30.0s
[ 3][t 4][1764315716.305484056][NetQuery.cpp:28][#1][!Td][&net_query]	[Query:[id:29032448][tl:0x6628562c][result_tl:0x997275b5]] [Td: received from DcManager]
[ 3][t 4][1764315716.305498361][Td.cpp:410][#1][!Td][&net_query]	Receive result of [Query:[id:29032448][tl:0x6628562c][result_tl:0x997275b5]]
[ 3][t 4][1764315716.305517196][OnlineManager.cpp:44][#1][!Td]	Receive result for UpdateStatusQuery: true
[ 3][t 4][1764315716.305530309][UserManager.cpp:2982][#1][!Td]	Update my online from 1764316015 to 1764315715
[ 4][t 4][1764315716.305544614][UserManager.cpp:9513][#1][!Td]	Update user 5628138202: need_save_to_database = true, is_changed = false, is_status_changed = false, from_binlog = false, from_database = false
[ 3][t 4][1764315716.305578947][FileManager.cpp:2051][#1][!Td]	Choose between [ChatPhoto, DcId{1}, location = [ID = 5057989659887512543, access_hash = 0, PhotoSizeSourceChatPhotoSmall[]]] from Binlog and [ChatPhoto, DcId{1}, location = [ID = 5057989659887512543, access_hash = 0, PhotoSizeSourceChatPhotoSmall[]]] from Binlog
[ 3][t 4][1764315716.305610418][FileManager.cpp:1789][#1][!Td]	Register [ChatPhoto, DcId{1}, location = [ID = 5057989659887512543, access_hash = 0, PhotoSizeSourceChatPhotoSmall[]]] as 28756(0)
[ 3][t 4][1764315716.305640459][FileManager.cpp:2219][#1][!Td]	Merge new file 28756(0) and old file 1234(0)
[ 3][t 4][1764315716.305652379][FileManager.cpp:2051][#1][!Td]	Choose between [ChatPhoto, DcId{1}, location = [ID = 5057989659887512543, access_hash = 0, PhotoSizeSourceChatPhotoSmall[]]] from Binlog and [ChatPhoto, DcId{1}, location = [ID = 5057989659887512543, access_hash = 0, PhotoSizeSourceChatPhotoSmall[]]] from Binlog
[ 4][t 4][1764315716.305663824][FileManager.cpp:2301][#1][!Td]	Have x_node->pmc_id_ = 0, y_node->pmc_id_ = 0, x_node_size = 1, y_node_size = 1, node_i = 1, local_i = 2, remote_i = 2, generate_i = 2, size_i = 1, remote_name_i = 0, url_i = 0, owner_i = 2, encryption_key_i = 2, main_file_id_i = 1, trusted_by_source = 0, x_source = Binlog, y_source = Binlog
[ 4][t 4][1764315716.305681705][FileManager.cpp:1643][#1][!Td]	Forget file 28756(0)
[ 3][t 4][1764315716.305695056][FileManager.cpp:2051][#1][!Td]	Choose between [ChatPhoto, DcId{1}, location = [ID = 5057989659887512543, access_hash = 0, PhotoSizeSourceChatPhotoBig[]]] from Binlog and [ChatPhoto, DcId{1}, location = [ID = 5057989659887512543, access_hash = 0, PhotoSizeSourceChatPhotoBig[]]] from Binlog
[ 3][t 4][1764315716.305705785][FileManager.cpp:1789][#1][!Td]	Register [ChatPhoto, DcId{1}, location = [ID = 5057989659887512543, access_hash = 0, PhotoSizeSourceChatPhotoBig[]]] as 28756(0)
[ 3][t 4][1764315716.305716514][FileManager.cpp:2219][#1][!Td]	Merge new file 28756(0) and old file 1235(0)
[ 3][t 4][1764315716.305726766][FileManager.cpp:2051][#1][!Td]	Choose between [ChatPhoto, DcId{1}, location = [ID = 5057989659887512543, access_hash = 0, PhotoSizeSourceChatPhotoBig[]]] from Binlog and [ChatPhoto, DcId{1}, location = [ID = 5057989659887512543, access_hash = 0, PhotoSizeSourceChatPhotoBig[]]] from Binlog
[ 4][t 4][1764315716.305737257][FileManager.cpp:2301][#1][!Td]	Have x_node->pmc_id_ = 0, y_node->pmc_id_ = 0, x_node_size = 1, y_node_size = 1, node_i = 1, local_i = 2, remote_i = 2, generate_i = 2, size_i = 1, remote_name_i = 0, url_i = 0, owner_i = 2, encryption_key_i = 2, main_file_id_i = 1, trusted_by_source = 0, x_source = Binlog, y_source = Binlog
[ 4][t 4][1764315716.305749416][FileManager.cpp:1643][#1][!Td]	Forget file 28756(0)
[ 3][t 4][1764315716.305784940][FileManager.cpp:2051][#1][!Td]	Choose between [ChatPhoto, DcId{1}, location = [ID = 5057989659887512543, access_hash = 0, PhotoSizeSourceChatPhotoSmall[]]] from Binlog and [ChatPhoto, DcId{1}, location = [ID = 5057989659887512543, access_hash = 0, PhotoSizeSourceChatPhotoSmall[]]] from Binlog
[ 3][t 4][1764315716.305800199][FileManager.cpp:1789][#1][!Td]	Register [ChatPhoto, DcId{1}, location = [ID = 5057989659887512543, access_hash = 0, PhotoSizeSourceChatPhotoSmall[]]] as 28756(0)
[ 3][t 4][1764315716.305816173][FileManager.cpp:2219][#1][!Td]	Merge new file 28756(0) and old file 1234(0)
[ 3][t 4][1764315716.305830478][FileManager.cpp:2051][#1][!Td]	Choose between [ChatPhoto, DcId{1}, location = [ID = 5057989659887512543, access_hash = 0, PhotoSizeSourceChatPhotoSmall[]]] from Binlog and [ChatPhoto, DcId{1}, location = [ID = 5057989659887512543, access_hash = 0, PhotoSizeSourceChatPhotoSmall[]]] from Binlog
[ 4][t 4][1764315716.305855274][FileManager.cpp:2301][#1][!Td]	Have x_node->pmc_id_ = 0, y_node->pmc_id_ = 0, x_node_size = 1, y_node_size = 1, node_i = 1, local_i = 2, remote_i = 2, generate_i = 2, size_i = 1, remote_name_i = 0, url_i = 0, owner_i = 2, encryption_key_i = 2, main_file_id_i = 1, trusted_by_source = 0, x_source = Binlog, y_source = Binlog
[ 4][t 4][1764315716.305867910][FileManager.cpp:1643][#1][!Td]	Forget file 28756(0)
[ 3][t 4][1764315716.305890560][FileManager.cpp:2051][#1][!Td]	Choose between [ChatPhoto, DcId{1}, location = [ID = 5057989659887512543, access_hash = 0, PhotoSizeSourceChatPhotoBig[]]] from Binlog and [ChatPhoto, DcId{1}, location = [ID = 5057989659887512543, access_hash = 0, PhotoSizeSourceChatPhotoBig[]]] from Binlog
[ 3][t 4][1764315716.305907726][FileManager.cpp:1789][#1][!Td]	Register [ChatPhoto, DcId{1}, location = [ID = 5057989659887512543, access_hash = 0, PhotoSizeSourceChatPhotoBig[]]] as 28756(0)
[ 3][t 4][1764315716.305919408][FileManager.cpp:2219][#1][!Td]	Merge new file 28756(0) and old file 1235(0)
[ 3][t 4][1764315716.305929422][FileManager.cpp:2051][#1][!Td]	Choose between [ChatPhoto, DcId{1}, location = [ID = 5057989659887512543, access_hash = 0, PhotoSizeSourceChatPhotoBig[]]] from Binlog and [ChatPhoto, DcId{1}, location = [ID = 5057989659887512543, access_hash = 0, PhotoSizeSourceChatPhotoBig[]]] from Binlog
[ 4][t 4][1764315716.305939912][FileManager.cpp:2301][#1][!Td]	Have x_node->pmc_id_ = 0, y_node->pmc_id_ = 0, x_node_size = 1, y_node_size = 1, node_i = 1, local_i = 2, remote_i = 2, generate_i = 2, size_i = 1, remote_name_i = 0, url_i = 0, owner_i = 2, encryption_key_i = 2, main_file_id_i = 1, trusted_by_source = 0, x_source = Binlog, y_source = Binlog
[ 4][t 4][1764315716.305951356][FileManager.cpp:1643][#1][!Td]	Forget file 28756(0)
[ 3][t 4][1764315716.305964469][UserManager.cpp:4672][#1][!Td]	Trying to save to database user 5628138202
[ 4][t 1][1764315716.307108879][Binlog.cpp:425][#1][!Binlog /home/nick/.config/nchat/profiles/Telegram_+017816901633/tdlib/td.binlog]	Flush binlog from try_flush
[ 3][t 0][1764315716.311412572][Client.cpp:293][&td_requests]	End to wait for updates, returning object 0 (nil)
[ 3][t 0][1764315716.311665058][Client.cpp:573]	Destroy ClientManager
[ 3][t 4][1764315716.311787366][Td.cpp:282][#1][!Td][&td_requests]	Receive request 157: close {
}
[ 3][t 4][1764315716.311825037][Td.cpp:1372][#1][!Td][&td_requests]	Sending result for request 157: ok {
}
[ 2][t 4][1764315716.311842441][Td.cpp:765][#1][!Td]	Close Td in state 1
[ 3][t 4][1764315716.311857461][TdDb.cpp:264][#1][!Td]	Flush all databases
[ 3][t 4][1764315716.311886787][Td.cpp:1355][#1][!Td][&td_requests]	Sending update: updateAuthorizationState {
  authorization_state = authorizationStateClosing {
  }
}
[ 4][t 4][1764315716.311902999][Td.cpp:613][#1][!Td]	Decrease request actor count to 0
[ 3][t 1][1764315716.311909198][MessageDb.cpp:1184][#1][!MessageDbActor]	MessageDb flushed
[ 3][t 4][1764315716.311916589][Td.cpp:636][#1][!Td]	Clear Td
[ 3][t 1][1764315716.311932086][DialogDb.cpp:429][#1][!DialogDbActor]	DialogDb flushed
[ 3][t 4][1764315716.311942577][NotificationManager.cpp:1641][#1][!Td][&notifications]	Flush pending notifications in 0 notification groups
[ 3][t 0][1764315716.311961650][Client.cpp:399]	Close client
[ 3][t 4][1764315716.311965227][NotificationManager.cpp:1393][#1][!Td][&notifications]	Flush all pending notification updates with delayed chats from flush_all_notifications
[ 3][t 1][1764315716.311954975][StoryDb.cpp:512][#1][!StoryDbActor]	StoryDb flushed
[ 3][t 0][1764315716.311979770][Client.cpp:280][&td_requests]	Begin to wait for updates with timeout 0.100000
[ 4][t 1][1764315716.312025785][Binlog.cpp:425][#1][!Binlog /home/nick/.config/nchat/profiles/Telegram_+017816901633/tdlib/td.binlog]	Flush binlog from force_flush
[ 3][t 0][1764315716.312034845][Client.cpp:293][&td_requests]	End to wait for updates, returning object 157 0x7f548c015a10
[ 3][t 4][1764315716.312012672][NotificationManager.cpp:1409][#1][!Td][&notifications]	Flush pending updates in 0 notification groups
[ 4][t 1][1764315716.312047719][BufferedFd.h:140][#1][!Binlog /home/nick/.config/nchat/profiles/Telegram_+017816901633/tdlib/td.binlog]	Nothing to write to [fd:10]
[ 3][t 0][1764315716.312056541][Client.cpp:280][&td_requests]	Begin to wait for updates with timeout 0.100000
[ 4][t 4][1764315716.312070369][Td.cpp:650][#1][!Td]	Handlers were cleared in 130.7us
[ 3][t 0][1764315716.312088727][Client.cpp:293][&td_requests]	End to wait for updates, returning object 0 0x55cb75867840
[ 4][t 4][1764315716.312113523][Session.cpp:528][#1][!Session:1:main]	HANGUP
[ 3][t 0][1764315716.312133550][Client.cpp:280][&td_requests]	Begin to wait for updates with timeout 0.100000
[ 3][t 4][1764315716.312156200][Session.cpp:502][#1][!Session:1:main]	Close session (external)
[ 4][t 4][1764315716.312184572][RawConnection.cpp:124][#1][!Session:1:main]	Close raw connection 0x7f54840b3420
[ 3][t 4][1764315716.312275409][Session.cpp:668][#1][!Session:1:main]	Session connection with 0 pending requests was closed: OK Session:1:main::Connect::TCP::[149.154.175.58:443] to DcId{1} from [10.2.0.2:56300]
[ 4][t 4][1764315716.312289714][RawConnection.cpp:36][#1][!Session:1:main]	Destroy raw connection 0x7f54840b3420
[ 4][t 3][1764315716.312346696][Session.cpp:528][#1][!Session:1:upload#0]	HANGUP
[ 3][t 3][1764315716.312370777][Session.cpp:502][#1][!Session:1:upload#0]	Close session (external)
[ 4][t 4][1764315716.312385559][Td.cpp:652][#1][!Td]	NetQueryDispatcher was stopped in 445.1us
[ 4][t 3][1764315716.312391519][RawConnection.cpp:124][#1][!Session:1:upload#0]	Close raw connection 0x7f54867615f0
[ 4][t 4][1764315716.312406778][Td.cpp:654][#1][!Td]	StateManager was cleared in 466.1us
[ 4][t 4][1764315716.312420129][Td.cpp:659][#1][!Td]	Start clearing AlarmManager in 479.7us
[ 4][t 4][1764315716.312437057][Td.cpp:659][#1][!Td]	Start clearing CashtagSearchHints in 496.4us
[ 4][t 4][1764315716.312449932][Td.cpp:659][#1][!Td]	Start clearing ConfigManager in 508.9us
[ 3][t 3][1764315716.312465429][Session.cpp:668][#1][!Session:1:upload#0]	Session connection with 0 pending requests was closed: OK Session:1:upload#0::Connect::TCP::[149.154.175.58:443] to DcId{1} from [10.2.0.2:33922]
[ 4][t 4][1764315716.312483549][Td.cpp:659][#1][!Td]	Start clearing DeviceTokenManager in 542.5us
[ 4][t 3][1764315716.312496423][RawConnection.cpp:36][#1][!Session:1:upload#0]	Destroy raw connection 0x7f54867615f0
[ 4][t 4][1764315716.312505722][Td.cpp:659][#1][!Td]	Start clearing HashtagHints in 565.6us
[ 4][t 3][1764315716.312522172][Session.cpp:528][#1][!Session:1:upload#5]	HANGUP
[ 4][t 4][1764315716.312522649][Td.cpp:659][#1][!Td]	Start clearing HashtagSearchHints in 581.7us
[ 3][t 3][1764315716.312532186][Session.cpp:502][#1][!Session:1:upload#5]	Close session (external)
[ 4][t 4][1764315716.312541723][Td.cpp:659][#1][!Td]	Start clearing LanguagePackManager in 601.0us
[ 4][t 4][1764315716.312575817][Td.cpp:659][#1][!Td]	Start clearing NetStatsManager in 635.0us
[ 4][t 3][1764315716.312591791][RawConnection.cpp:124][#1][!Session:1:upload#5]	Close raw connection 0x7f548675cfb0
[ 4][t 4][1764315716.312603473][Td.cpp:659][#1][!Td]	Start clearing PasswordManager in 662.6us
[ 4][t 4][1764315716.312653779][Td.cpp:659][#1][!Td]	Start clearing SecureManager in 712.8us
[ 4][t 4][1764315716.312676191][Td.cpp:659][#1][!Td]	Start clearing SecretChatsManager in 735.3us
[ 3][t 3][1764315716.312687635][Session.cpp:668][#1][!Session:1:upload#5]	Session connection with 0 pending requests was closed: OK Session:1:upload#5::Connect::TCP::[149.154.175.58:443] to DcId{1} from [10.2.0.2:33914]
[ 4][t 4][1764315716.312688589][Td.cpp:659][#1][!Td]	Start clearing StorageManager in 747.5us
[ 4][t 3][1764315716.312709808][RawConnection.cpp:36][#1][!Session:1:upload#5]	Destroy raw connection 0x7f548675cfb0
[ 4][t 4][1764315716.312719583][Td.cpp:678][#1][!Td]	ConnectionCreator was cleared in 778.5us
[ 4][t 3][1764315716.312738418][Session.cpp:528][#1][!Session:1:upload#7]	HANGUP
[ 4][t 4][1764315716.312738895][Td.cpp:680][#1][!Td]	TempAuthKeyWatchdog was cleared in 798.2us
[ 3][t 3][1764315716.312749862][Session.cpp:502][#1][!Session:1:upload#7]	Close session (external)
[ 4][t 4][1764315716.312759160][Td.cpp:659][#1][!Td]	Start clearing AccountManager in 818.3us
[ 4][t 3][1764315716.312773466][RawConnection.cpp:124][#1][!Session:1:upload#7]	Close raw connection 0x7f54866eea80
[ 4][t 4][1764315716.312778234][Td.cpp:659][#1][!Td]	Start clearing AnimationsManager in 837.4us
[ 4][t 4][1764315716.312796592][Td.cpp:659][#1][!Td]	Start clearing AttachMenuManager in 855.6us
[ 3][t 3][1764315716.312812328][Session.cpp:668][#1][!Session:1:upload#7]	Session connection with 0 pending requests was closed: OK Session:1:upload#7::Connect::TCP::[149.154.175.58:443] to DcId{1} from [10.2.0.2:33928]
[ 4][t 4][1764315716.312821865][Td.cpp:659][#1][!Td]	Start clearing AuthManager in 880.9us
[ 4][t 3][1764315716.312841892][RawConnection.cpp:36][#1][!Session:1:upload#7]	Destroy raw connection 0x7f54866eea80
[ 4][t 4][1764315716.312850952][Td.cpp:659][#1][!Td]	Start clearing AutosaveManager in 910.2us
[ 4][t 4][1764315716.312870025][Td.cpp:659][#1][!Td]	Start clearing BackgroundManager in 929.2us
[ 4][t 4][1764315716.312881708][Td.cpp:659][#1][!Td]	Start clearing BoostManager in 940.9us
[ 4][t 4][1764315716.312893867][Td.cpp:659][#1][!Td]	Start clearing BotInfoManager in 952.9us
[ 4][t 4][1764315716.312905788][Td.cpp:659][#1][!Td]	Start clearing BotRecommendationManager in 964.8us
[ 4][t 4][1764315716.312917709][Td.cpp:659][#1][!Td]	Start clearing BusinessConnectionManager in 976.5us
[ 4][t 4][1764315716.312928676][Td.cpp:659][#1][!Td]	Start clearing BusinessManager in 987.7us
[ 4][t 4][1764315716.312940359][Td.cpp:659][#1][!Td]	Start clearing CallManager in 999.4us
[ 4][t 4][1764315716.312980890][Td.cpp:659][#1][!Td]	Start clearing ChannelRecommendationManager in 1039.8us
[ 4][t 4][1764315716.313023090][Td.cpp:659][#1][!Td]	Start clearing ChatManager in 1082.1us
[ 4][t 4][1764315716.313034534][ChatManager.cpp:1736][#1][!ChatManager]	Have 0 basic groups and 0 supergroups to free
[ 4][t 4][1764315716.313044786][ChatManager.cpp:1738][#1][!ChatManager]	Have 0 full basic groups and 0 full supergroups to free
[ 4][t 4][1764315716.313055038][Td.cpp:659][#1][!Td]	Start clearing CommonDialogManager in 1114.1us
[ 4][t 4][1764315716.313066959][Td.cpp:659][#1][!Td]	Start clearing ConnectionStateManager in 1125.9us
[ 4][t 4][1764315716.313078165][Td.cpp:659][#1][!Td]	Start clearing CountryInfoManager in 1137.3us
[ 4][t 4][1764315716.313091993][Td.cpp:659][#1][!Td]	Start clearing DialogActionManager in 1151.2us
[ 4][t 4][1764315716.313104391][Td.cpp:659][#1][!Td]	Start clearing DialogFilterManager in 1164.4us
[ 4][t 4][1764315716.313117742][Td.cpp:659][#1][!Td]	Start clearing DialogInviteLinkManager in 1176.9us
[ 4][t 4][1764315716.313129663][Td.cpp:659][#1][!Td]	Start clearing DialogManager in 1188.7us
[ 4][t 4][1764315716.313141584][Td.cpp:659][#1][!Td]	Start clearing DialogParticipantManager in 1201.0us
[ 4][t 4][1764315716.313153743][Td.cpp:659][#1][!Td]	Start clearing DownloadManager in 1212.7us
[ 4][t 4][1764315716.313165664][Td.cpp:659][#1][!Td]	Start clearing FileManager in 1224.7us
[ 4][t 4][1764315716.313182592][FileManager.cpp:5224][#1][!FileManager]	Have 28757 files with 46697 file nodes, 3 local locations and 28754 remote locations to free
[ 4][t 4][1764315716.313193082][Td.cpp:659][#1][!Td]	Start clearing FileReferenceManager in 1252.3us
[ 4][t 4][1764315716.313205242][Td.cpp:659][#1][!Td]	Start clearing ForumTopicManager in 1264.4us
[ 4][t 4][1764315716.313217163][Td.cpp:659][#1][!Td]	Start clearing GameManager in 1276.2us
[ 4][t 4][1764315716.313228607][Td.cpp:659][#1][!Td]	Start clearing GroupCallManager in 1287.8us
[ 4][t 4][1764315716.313240289][Td.cpp:659][#1][!Td]	Start clearing InlineMessageManager in 1299.3us
[ 4][t 4][1764315716.313251495][Td.cpp:659][#1][!Td]	Start clearing InlineQueriesManager in 1310.8us
[ 4][t 4][1764315716.313262939][Td.cpp:659][#1][!Td]	Start clearing LinkManager in 1322.1us
[ 4][t 4][1764315716.313275098][Td.cpp:659][#1][!Td]	Start clearing MessageImportManager in 1334.9us
[ 4][t 4][1764315716.313287734][Td.cpp:659][#1][!Td]	Start clearing MessageQueryManager in 1347.3us
[ 4][t 4][1764315716.313307285][Td.cpp:659][#1][!Td]	Start clearing MessagesManager in 1366.4us
[ 4][t 4][1764315716.313322305][MessagesManager.cpp:9981][#1][!MessagesManager]	Have 4 chats with 107 messages to free
[ 4][t 4][1764315716.313332796][Td.cpp:659][#1][!Td]	Start clearing NotificationManager in 1392.0us
[ 4][t 4][1764315716.313344717][Td.cpp:659][#1][!Td]	Start clearing NotificationSettingsManager in 1403.9us
[ 4][t 4][1764315716.313360214][Td.cpp:659][#1][!Td]	Start clearing OnlineManager in 1419.3us
[ 4][t 4][1764315716.313378572][Td.cpp:659][#1][!Td]	Start clearing PeopleNearbyManager in 1438.0us
[ 4][t 4][1764315716.313390493][Td.cpp:659][#1][!Td]	Start clearing PhoneNumberManager in 1449.5us
[ 4][t 4][1764315716.313401699][Td.cpp:659][#1][!Td]	Start clearing PollManager in 1460.9us
[ 4][t 4][1764315716.313413858][Td.cpp:659][#1][!Td]	Start clearing PrivacyManager in 1474.3us
[ 4][t 4][1764315716.313426971][Td.cpp:659][#1][!Td]	Start clearing PromoDataManager in 1486.0us
[ 4][t 4][1764315716.313438653][Td.cpp:659][#1][!Td]	Start clearing QuickReplyManager in 1497.5us
[ 4][t 4][1764315716.313449859][Td.cpp:659][#1][!Td]	Start clearing ReactionManager in 1508.8us
[ 4][t 4][1764315716.313461542][Td.cpp:659][#1][!Td]	Start clearing ReferralProgramManager in 1521.0us
[ 4][t 4][1764315716.313473939][Td.cpp:659][#1][!Td]	Start clearing SavedMessagesManager in 1532.8us
[ 4][t 4][1764315716.313485383][Td.cpp:659][#1][!Td]	Start clearing SponsoredMessageManager in 1544.7us
[ 4][t 4][1764315716.313506603][Td.cpp:659][#1][!Td]	Start clearing StarGiftManager in 1565.7us
[ 4][t 4][1764315716.313518285][Td.cpp:659][#1][!Td]	Start clearing StarManager in 1577.1us
[ 4][t 4][1764315716.313529729][Td.cpp:659][#1][!Td]	Start clearing StatisticsManager in 1588.6us
[ 4][t 4][1764315716.313540935][Td.cpp:659][#1][!Td]	Start clearing StickersManager in 1599.9us
[ 4][t 4][1764315716.313552379][Td.cpp:659][#1][!Td]	Start clearing StoryManager in 1611.6us
[ 4][t 4][1764315716.313565492][Td.cpp:659][#1][!Td]	Start clearing SuggestedActionManager in 1624.8us
[ 4][t 4][1764315716.313577890][Td.cpp:659][#1][!Td]	Start clearing TermsOfServiceManager in 1636.8us
[ 4][t 4][1764315716.313589334][Td.cpp:659][#1][!Td]	Start clearing ThemeManager in 1648.6us
[ 4][t 4][1764315716.313600540][Td.cpp:659][#1][!Td]	Start clearing TimeZoneManager in 1659.7us
[ 4][t 4][1764315716.313612222][Td.cpp:659][#1][!Td]	Start clearing TopDialogManager in 1671.2us
[ 4][t 4][1764315716.313623905][Td.cpp:659][#1][!Td]	Start clearing TranscriptionManager in 1683.0us
[ 4][t 4][1764315716.313635110][Td.cpp:659][#1][!Td]	Start clearing TranslationManager in 1694.2us
[ 4][t 4][1764315716.313646078][Td.cpp:659][#1][!Td]	Start clearing UpdatesManager in 1705.4us
[ 4][t 4][1764315716.313658475][UpdatesManager.cpp:272][#1][!UpdatesManager]	Have 0 unprocessed updates to apply
[ 4][t 4][1764315716.313668727][Td.cpp:659][#1][!Td]	Start clearing UserManager in 1727.7us
[ 4][t 4][1764315716.313680410][UserManager.cpp:2725][#1][!UserManager]	Have 5 users and 0 secret chats to free
[ 4][t 4][1764315716.313690662][UserManager.cpp:2726][#1][!UserManager]	Have 1 full users to free
[ 4][t 4][1764315716.313700437][Td.cpp:659][#1][!Td]	Start clearing VideoNotesManager in 1759.4us
[ 4][t 4][1764315716.313711881][Td.cpp:659][#1][!Td]	Start clearing VoiceNotesManager in 1770.9us
[ 4][t 4][1764315716.313730001][Td.cpp:659][#1][!Td]	Start clearing WebAppManager in 1788.8us
[ 4][t 4][1764315716.313741207][Td.cpp:659][#1][!Td]	Start clearing WebPagesManager in 1800.3us
[ 4][t 4][1764315716.313752889][WebPagesManager.cpp:503][#1][!WebPagesManager]	Have 0 web pages to free
[ 4][t 4][1764315716.313762903][Td.cpp:748][#1][!Td]	All actors were cleared in 1822.0us
[ 3][t 4][1764315716.313809871][Td.cpp:474][#1][!Td]	Receive Td::hangup
[ 4][t 4][1764315716.313821554][Td.cpp:491][#1][!Td]	Decrease reference count to 2
[ 4][t 4][1764315716.313832044][Td.cpp:491][#1][!Td]	Decrease reference count to 1
[ 4][t 4][1764315716.313842058][Td.cpp:491][#1][!Td]	Decrease reference count to 0
[ 4][t 4][1764315716.313853502][Td.cpp:491][#1][!Td]	Decrease reference count to 0
[ 3][t 4][1764315716.313863515][Td.cpp:498][#1][!Td]	All actors were closed
[ 4][t 4][1764315716.313874959][Td.cpp:502][#1][!Td]	AccountManager was cleared in 2695.0ns
[ 4][t 4][1764315716.313905239][Td.cpp:502][#1][!Td]	AnimationsManager was cleared in 32.8us
[ 4][t 4][1764315716.313929080][Td.cpp:502][#1][!Td]	AttachMenuManager was cleared in 56.6us
[ 4][t 4][1764315716.313947200][Td.cpp:502][#1][!Td]	AudiosManager was cleared in 75.3us
[ 4][t 4][1764315716.313960552][Td.cpp:502][#1][!Td]	AuthManager was cleared in 88.0us
[ 4][t 4][1764315716.313971757][Td.cpp:502][#1][!Td]	AutosaveManager was cleared in 99.3us
[ 4][t 4][1764315716.314008235][Td.cpp:502][#1][!Td]	BackgroundManager was cleared in 136.0us
[ 4][t 4][1764315716.314024925][Td.cpp:502][#1][!Td]	BoostManager was cleared in 152.6us
[ 4][t 4][1764315716.314050674][Td.cpp:502][#1][!Td]	BotInfoManager was cleared in 178.3us
[ 4][t 4][1764315716.314066886][Td.cpp:502][#1][!Td]	BotRecommendationManager was cleared in 194.5us
[ 4][t 4][1764315716.314096212][Td.cpp:502][#1][!Td]	BusinessConnectionManager was cleared in 224.0us
[ 4][t 4][1764315716.314111948][Td.cpp:502][#1][!Td]	BusinessManager was cleared in 239.5us
[ 4][t 4][1764315716.314127206][Td.cpp:502][#1][!Td]	CallManager was cleared in 254.9us
[ 4][t 4][1764315716.314142465][Td.cpp:502][#1][!Td]	CallbackQueriesManager was cleared in 270.2us
[ 4][t 4][1764315716.314157485][Td.cpp:502][#1][!Td]	ChannelRecommendationManager was cleared in 285.1us
[ 4][t 4][1764315716.314201116][Td.cpp:502][#1][!Td]	ChatManager was cleared in 329.0us
[ 4][t 4][1764315716.314218759][Td.cpp:502][#1][!Td]	CommonDialogManager was cleared in 346.6us
[ 4][t 4][1764315716.314234733][Td.cpp:502][#1][!Td]	ConnectionStateManager was cleared in 362.5us
[ 4][t 4][1764315716.314250707][Td.cpp:502][#1][!Td]	CountryInfoManager was cleared in 378.2us
[ 4][t 4][1764315716.314267158][Td.cpp:502][#1][!Td]	DialogActionManager was cleared in 394.9us
[ 4][t 4][1764315716.314284801][Td.cpp:502][#1][!Td]	DialogFilterManager was cleared in 412.5us
[ 4][t 4][1764315716.314307928][Td.cpp:502][#1][!Td]	DialogInviteLinkManager was cleared in 435.4us
[ 4][t 4][1764315716.314322471][Td.cpp:502][#1][!Td]	DialogManager was cleared in 450.1us
[ 4][t 4][1764315716.314338684][Td.cpp:502][#1][!Td]	DialogParticipantManager was cleared in 466.1us
[ 4][t 4][1764315716.314359426][Td.cpp:502][#1][!Td]	DocumentsManager was cleared in 486.8us
[ 4][t 4][1764315716.314371585][Td.cpp:502][#1][!Td]	DownloadManager was cleared in 499.2us
[ 4][t 4][1764315716.314395189][Td.cpp:502][#1][!Td]	FileManager was cleared in 522.8us
[ 4][t 4][1764315716.314407587][Td.cpp:502][#1][!Td]	FileReferenceManager was cleared in 535.0us
[ 4][t 4][1764315716.314419746][Td.cpp:502][#1][!Td]	ForumTopicManager was cleared in 547.2us
[ 4][t 4][1764315716.314430713][Td.cpp:502][#1][!Td]	GameManager was cleared in 558.3us
[ 4][t 4][1764315716.314445018][Td.cpp:502][#1][!Td]	GroupCallManager was cleared in 572.3us
[ 4][t 4][1764315716.314455986][Td.cpp:502][#1][!Td]	InlineMessageManager was cleared in 583.4us
[ 4][t 4][1764315716.314470291][Td.cpp:502][#1][!Td]	InlineQueriesManager was cleared in 597.8us
[ 4][t 4][1764315716.314487695][Td.cpp:502][#1][!Td]	LinkManager was cleared in 615.2us
[ 4][t 4][1764315716.314499855][Td.cpp:502][#1][!Td]	MessageImportManager was cleared in 627.3us
[ 4][t 4][1764315716.314511775][Td.cpp:502][#1][!Td]	MessageQueryManager was cleared in 639.2us
[ 4][t 4][1764315716.314525842][MessagesManager.cpp:3683][#1][!Td]	Complete MessagesManager destructor
[ 4][t 4][1764315716.314593315][Td.cpp:502][#1][!Td]	MessagesManager was cleared in 720.9us
[ 4][t 4][1764315716.314606666][Td.cpp:502][#1][!Td]	NotificationManager was cleared in 734.1us
[ 4][t 4][1764315716.314619779][Td.cpp:502][#1][!Td]	NotificationSettingsManager was cleared in 747.3us
[ 4][t 4][1764315716.314631223][Td.cpp:502][#1][!Td]	OnlineManager was cleared in 759.0us
[ 4][t 4][1764315716.314642429][Td.cpp:502][#1][!Td]	PeopleNearbyManager was cleared in 770.1us
[ 4][t 4][1764315716.314655780][Td.cpp:502][#1][!Td]	PhoneNumberManager was cleared in 783.3us
[ 4][t 4][1764315716.314669370][Td.cpp:502][#1][!Td]	PollManager was cleared in 796.9us
[ 4][t 4][1764315716.314681291][Td.cpp:502][#1][!Td]	PrivacyManager was cleared in 808.6us
[ 4][t 4][1764315716.314692258][Td.cpp:502][#1][!Td]	PromoDataManager was cleared in 819.8us
[ 4][t 4][1764315716.314716577][Td.cpp:502][#1][!Td]	QuickReplyManager was cleared in 843.9us
[ 4][t 4][1764315716.314747571][Td.cpp:502][#1][!Td]	ReactionManager was cleared in 875.0us
[ 4][t 4][1764315716.314758777][Td.cpp:502][#1][!Td]	ReferralProgramManager was cleared in 886.3us
[ 4][t 4][1764315716.314770221][Td.cpp:502][#1][!Td]	SavedMessagesManager was cleared in 897.8us
[ 4][t 4][1764315716.314783096][Td.cpp:502][#1][!Td]	SponsoredMessageManager was cleared in 910.4us
[ 4][t 4][1764315716.314795732][Td.cpp:502][#1][!Td]	StarGiftManager was cleared in 923.1us
[ 4][t 4][1764315716.314809799][Td.cpp:502][#1][!Td]	StarManager was cleared in 937.3us
[ 4][t 4][1764315716.314821958][Td.cpp:502][#1][!Td]	StatisticsManager was cleared in 949.5us
[ 4][t 4][1764315716.314875364][Td.cpp:502][#1][!Td]	StickersManager was cleared in 1002.9us
[ 4][t 4][1764315716.314893484][Td.cpp:502][#1][!Td]	StoryManager was cleared in 1021.0us
[ 4][t 4][1764315716.314907312][Td.cpp:502][#1][!Td]	SuggestedActionManager was cleared in 1034.8us
[ 4][t 4][1764315716.314920186][Td.cpp:502][#1][!Td]	TermsOfServiceManager was cleared in 1047.8us
[ 4][t 4][1764315716.314957141][Td.cpp:502][#1][!Td]	ThemeManager was cleared in 1084.6us
[ 4][t 4][1764315716.315029144][Td.cpp:502][#1][!Td]	TimeZoneManager was cleared in 1156.6us
[ 4][t 4][1764315716.315044403][Td.cpp:502][#1][!Td]	TopDialogManager was cleared in 1172.0us
[ 4][t 4][1764315716.315059423][Td.cpp:502][#1][!Td]	TranscriptionManager was cleared in 1186.8us
[ 4][t 4][1764315716.315070867][Td.cpp:502][#1][!Td]	TranslationManager was cleared in 1198.2us
[ 4][t 4][1764315716.315086603][Td.cpp:502][#1][!Td]	UpdatesManager was cleared in 1214.2us
[ 4][t 4][1764315716.315123796][Td.cpp:502][#1][!Td]	UserManager was cleared in 1251.3us
[ 4][t 4][1764315716.315136432][Td.cpp:502][#1][!Td]	VideoNotesManager was cleared in 1263.7us
[ 4][t 4][1764315716.315147638][Td.cpp:502][#1][!Td]	VideosManager was cleared in 1275.1us
[ 4][t 4][1764315716.315159320][Td.cpp:502][#1][!Td]	VoiceNotesManager was cleared in 1286.8us
[ 4][t 4][1764315716.315171003][Td.cpp:502][#1][!Td]	WebAppManager was cleared in 1298.4us
[ 4][t 4][1764315716.315183401][Td.cpp:502][#1][!Td]	WebPagesManager was cleared in 1311.0us
[ 4][t 4][1764315716.315234184][Td.cpp:576][#1][!Td]	OptionManager was cleared in 1361.7us
[ 3][t 1][1764315716.315274953][TdDb.cpp:292][#1][!RunOnSchedulerWorker]	Close all databases
[ 4][t 1][1764315716.315287828][MultiPromise.cpp:15][#1][!RunOnSchedulerWorker]	Add promise #1 to TdDbCloseMultiPromiseActor
[ 4][t 1][1764315716.315300941][MultiPromise.cpp:30][#1][!RunOnSchedulerWorker]	Get promise #1 for TdDbCloseMultiPromiseActor
[ 4][t 1][1764315716.315312147][MultiPromise.cpp:30][#1][!RunOnSchedulerWorker]	Get promise #2 for TdDbCloseMultiPromiseActor
[ 3][t 1][1764315716.315322875][FileDb.cpp:69][#1][!FileDbActor]	FileDb is closed
[ 4][t 1][1764315716.315367221][MultiPromise.cpp:30][#1][!RunOnSchedulerWorker]	Get promise #3 for TdDbCloseMultiPromiseActor
[ 4][t 1][1764315716.315377950][MultiPromise.cpp:30][#1][!RunOnSchedulerWorker]	Get promise #4 for TdDbCloseMultiPromiseActor
[ 4][t 1][1764315716.315388679][MultiPromise.cpp:30][#1][!RunOnSchedulerWorker]	Get promise #5 for TdDbCloseMultiPromiseActor
[ 4][t 1][1764315716.315398931][MultiPromise.cpp:30][#1][!RunOnSchedulerWorker]	Get promise #6 for TdDbCloseMultiPromiseActor
[ 4][t 1][1764315716.315448999][MultiPromise.cpp:30][#1][!RunOnSchedulerWorker]	Get promise #7 for TdDbCloseMultiPromiseActor
[ 4][t 1][1764315716.315459728][Binlog.cpp:425][#1][!Binlog /home/nick/.config/nchat/profiles/Telegram_+017816901633/tdlib/td.binlog]	Flush binlog from close
[ 4][t 1][1764315716.315470457][BufferedFd.h:140][#1][!Binlog /home/nick/.config/nchat/profiles/Telegram_+017816901633/tdlib/td.binlog]	Nothing to write to [fd:10]
[ 3][t 1][1764315716.315481424][Binlog.cpp:414][#1][!Binlog /home/nick/.config/nchat/profiles/Telegram_+017816901633/tdlib/td.binlog]	Sync binlog from close
[ 3][t 1][1764315716.361547708][ConcurrentBinlog.cpp:25][#1][!Binlog /home/nick/.config/nchat/profiles/Telegram_+017816901633/tdlib/td.binlog]	Finished to close binlog
[ 4][t 1][1764315716.362864255][MultiPromise.cpp:36]	Receive result #1 out of 7 for TdDbCloseMultiPromiseActor
[ 4][t 1][1764315716.362886905][MultiPromise.cpp:36]	Receive result #2 out of 7 for TdDbCloseMultiPromiseActor
[ 4][t 1][1764315716.362896919][MultiPromise.cpp:36]	Receive result #3 out of 7 for TdDbCloseMultiPromiseActor
[ 4][t 1][1764315716.362906455][MultiPromise.cpp:36]	Receive result #4 out of 7 for TdDbCloseMultiPromiseActor
[ 4][t 1][1764315716.362915754][MultiPromise.cpp:36]	Receive result #5 out of 7 for TdDbCloseMultiPromiseActor
[ 4][t 1][1764315716.362925529][MultiPromise.cpp:36]	Receive result #6 out of 7 for TdDbCloseMultiPromiseActor
[ 4][t 1][1764315716.362934589][MultiPromise.cpp:36]	Receive result #7 out of 7 for TdDbCloseMultiPromiseActor
[ 4][t 1][1764315716.362946510][MultiPromise.cpp:60]	Set result for 1 promises in TdDbCloseMultiPromiseActor
[ 3][t 1][1764315716.362957477][SqliteConnectionSafe.cpp:39]	Close SQLite database [path:/home/nick/.config/nchat/profiles/Telegram_+017816901633/tdlib/db.sqlite]
[ 4][t 4][1764315716.376235961][Td.cpp:491][#1][!Td]	Decrease reference count to 0
[ 3][t 4][1764315716.376249551][Td.cpp:1355][#1][!Td][&td_requests]	Sending update: updateAuthorizationState {
  authorization_state = authorizationStateClosed {
  }
}
[ 3][t 4][1764315716.376261472][Td.cpp:601][#1][!Td]	Stop Td
[ 3][t 0][1764315716.376275777][Client.cpp:293][&td_requests]	End to wait for updates, returning object 0 0x7f5484006580
[ 3][t 0][1764315716.376292228][Client.cpp:526]	Release closed client
[ 3][t 0][1764315716.376300096][Client.cpp:280][&td_requests]	Begin to wait for updates with timeout 0.100000
[ 3][t 0][1764315716.376473188][Client.cpp:293][&td_requests]	End to wait for updates, returning object 0 (nil)
[ 1][t 4][1764319402.911223411][FileManager.cpp:1534][#1][!FileManager]	Local location changed from [full local location of Photo] at "/home/nick/.config/nchat/profiles/Telegram_+017816901633/tdlib/photos/4992421679833221898_121.jpg" with size 66261 to [full local location of Photo] at "/home/nick/Polka/config/nchat/profiles/Telegram_+017816901633/tdlib/photos/4992421679833221898_121.jpg" with size 66261
[ 1][t 4][1764319402.911240339][FileManager.cpp:1534][#1][!FileManager]	Local location changed from [full local location of Photo] at "/home/nick/.config/nchat/profiles/Telegram_+017816901633/tdlib/photos/4992421679833221896_120.jpg" with size 40368 to [full local location of Photo] at "/home/nick/Polka/config/nchat/profiles/Telegram_+017816901633/tdlib/photos/4992421679833221896_120.jpg" with size 40368
[ 1][t 4][1764319463.228028535][FileManager.cpp:1534][#1][!FileManager]	Local location changed from [full local location of Photo] at "/home/nick/.config/nchat/profiles/Telegram_+017816901633/tdlib/photos/4992421679833221898_121.jpg" with size 66261 to [full local location of Photo] at "/home/nick/Polka/config/nchat/profiles/Telegram_+017816901633/tdlib/photos/4992421679833221898_121.jpg" with size 66261
[ 1][t 4][1764319463.228053092][FileManager.cpp:1534][#1][!FileManager]	Local location changed from [full local location of Photo] at "/home/nick/.config/nchat/profiles/Telegram_+017816901633/tdlib/photos/4992421679833221896_120.jpg" with size 40368 to [full local location of Photo] at "/home/nick/Polka/config/nchat/profiles/Telegram_+017816901633/tdlib/photos/4992421679833221896_120.jpg" with size 40368
[ 1][t 4][1764319519.746260643][FileManager.cpp:1534][#1][!FileManager]	Local location changed from [full local location of Photo] at "/home/nick/.config/nchat/profiles/Telegram_+017816901633/tdlib/photos/4992421679833221898_121.jpg" with size 66261 to [full local location of Photo] at "/home/nick/Polka/config/nchat/profiles/Telegram_+017816901633/tdlib/photos/4992421679833221898_121.jpg" with size 66261
[ 1][t 4][1764319519.797148704][FileManager.cpp:1534][#1][!FileManager]	Local location changed from [full local location of Photo] at "/home/nick/.config/nchat/profiles/Telegram_+017816901633/tdlib/photos/4992421679833221898_121.jpg" with size 66261 to [full local location of Photo] at "/home/nick/Polka/config/nchat/profiles/Telegram_+017816901633/tdlib/photos/4992421679833221898_121.jpg" with size 66261
[ 1][t 4][1764319521.626727342][FileManager.cpp:1534][#1][!FileManager]	Local location changed from [full local location of Photo] at "/home/nick/.config/nchat/profiles/Telegram_+017816901633/tdlib/photos/4992421679833221898_121.jpg" with size 66261 to [full local location of Photo] at "/home/nick/Polka/config/nchat/profiles/Telegram_+017816901633/tdlib/photos/4992421679833221898_121.jpg" with size 66261
[ 1][t 4][1764321016.140215158][FileManager.cpp:1534][#1][!FileManager]	Local location changed from [full local location of Photo] at "/home/nick/.config/nchat/profiles/Telegram_+017816901633/tdlib/photos/4992421679833221898_121.jpg" with size 66261 to [full local location of Photo] at "/home/nick/Polka/config/nchat/profiles/Telegram_+017816901633/tdlib/photos/4992421679833221898_121.jpg" with size 66261
