Traceback (most recent call last):
  File "/home/nick/Polka/local/bin/taskwarrior/task-schedule.py", line 84, in <module>
    main()
    ~~~~^^
  File "/home/nick/Polka/local/bin/taskwarrior/task-schedule.py", line 69, in main
    last = last_added_date(description)
  File "/home/nick/Polka/local/bin/taskwarrior/task-schedule.py", line 41, in last_added_date
    result = run(
        [
    ...<7 lines>...
        ]
    )
  File "/home/nick/Polka/local/bin/taskwarrior/task-schedule.py", line 25, in run
    return subprocess.check_output(cmd, text=True, stderr=subprocess.DEVNULL).strip()
           ~~~~~~~~~~~~~~~~~~~~~~~^^^^^^^^^^^^^^^^^^^^^^^^^^^^^^^^^^^^^^^^^^^
  File "/usr/lib/python3.13/subprocess.py", line 472, in check_output
    return run(*popenargs, stdout=PIPE, timeout=timeout, check=True,
           ~~~^^^^^^^^^^^^^^^^^^^^^^^^^^^^^^^^^^^^^^^^^^^^^^^^^^^^^^
               **kwargs).stdout
               ^^^^^^^^^
  File "/usr/lib/python3.13/subprocess.py", line 577, in run
    raise CalledProcessError(retcode, process.args,
                             output=stdout, stderr=stderr)
subprocess.CalledProcessError: Command '['task', 'description.is:pay credit card', 'status:pending,completed', 'limit:1', 'rc.report.minimal.columns:entry', 'rc.report.minimal.labels:', 'minimal']' returned non-zero exit status 1.
Traceback (most recent call last):
  File "/home/nick/Polka/local/bin/taskwarrior/task-schedule.py", line 84, in <module>
    main()
    ~~~~^^
  File "/home/nick/Polka/local/bin/taskwarrior/task-schedule.py", line 69, in main
    last = last_added_date(description)
  File "/home/nick/Polka/local/bin/taskwarrior/task-schedule.py", line 41, in last_added_date
    result = run(
        [
    ...<7 lines>...
        ]
    )
  File "/home/nick/Polka/local/bin/taskwarrior/task-schedule.py", line 25, in run
    return subprocess.check_output(cmd, text=True, stderr=subprocess.DEVNULL).strip()
           ~~~~~~~~~~~~~~~~~~~~~~~^^^^^^^^^^^^^^^^^^^^^^^^^^^^^^^^^^^^^^^^^^^
  File "/usr/lib/python3.13/subprocess.py", line 472, in check_output
    return run(*popenargs, stdout=PIPE, timeout=timeout, check=True,
           ~~~^^^^^^^^^^^^^^^^^^^^^^^^^^^^^^^^^^^^^^^^^^^^^^^^^^^^^^
               **kwargs).stdout
               ^^^^^^^^^
  File "/usr/lib/python3.13/subprocess.py", line 577, in run
    raise CalledProcessError(retcode, process.args,
                             output=stdout, stderr=stderr)
subprocess.CalledProcessError: Command '['task', 'description.is:pay credit card', 'status:pending,completed', 'limit:1', 'rc.report.minimal.columns:entry', 'rc.report.minimal.labels:', 'minimal']' returned non-zero exit status 1.
